##### 1ukf.pdb  match  1
#####       1ukf.pdb           2             S            55          67                    41                  53                      -                      -                      -                      -                      -                      -                      -                      -      -0.22960830      -0.34522384       0.91000032       0.59751576      -0.78804392      -0.14819451       0.76828051       0.50971282       0.38721803        5.77339172        5.64804840       -8.80887413           0.268              0.251              0.154               0.021        5260.790          67.499         4.319         2.084                  -1                 0                      
#####              *           1             -            14          18                    18                  21                      -                      -                      -                      -                      -                      -                      -                      -                -                -                -                -                -                -                -                -                -                 -                 -                 -             inf              2.049              2.069                 inf         119.059               -        35.862        32.494                  -1                 0                      
#### 1ukf.pdb   14   18   graft_bb   graft_sc   @   LLLxxx|llll.**.eeeeeeeeee|xxxxxxxxxxLLL   &   ???|????.**.??????????|LLL
#### 1ukf.pdb   55   67   graft_bb   graft_sc   @   EHHHxxxx|hhhh.***********.hhhh|xxxxHHHL   &   ????|????.***********.????|????
#
### 1ukf.m1.c44.d2
# NOTICE -- Ab-epitope interaction versus epitope-scaffold was optimized before closure
# NOTICE -- closure was performed with Ab
# NOTICE -- this design succeeded refinement with Ab after design.  QC will be of REFINED designed structure.
#
#   epitope native range = [18, 21]   new range = [15, 18]
#      Closed  :   1 | 1 range = [8, 16]   cut = 10   moveable = [ 8 9 10 11 12 13 14 15 ]   cutpoint_weight = 1   chainbreak_score = 3.32463   total_rama_moveable = 12.599   inactive_moveable = [ ]
#      Designed:   1 | 1 range = [8, 16]   cut = 10   moveable = [ 8 9 10 11 12 13 14 15 ]   cutpoint_weight = 1   chainbreak_score = 4.01446   total_rama_moveable = 8.08476   inactive_moveable = [ ]
#      Refined :   1 | 1 range = [8, 16]   cut = 10   moveable = [ 8 9 10 11 12 13 14 15 ]   cutpoint_weight = 1   chainbreak_score = 4.01446   total_rama_moveable = 8.08476   inactive_moveable = [ ]
#
#         Rama per residue:
#         ss res    Closed       Designed     Refined  
#         L    8    0.414        0.414        0.414    
#         L    9    1.794        -0.847       -0.847   
#         L   10    -1.358       -1.358       -1.358   
#         L   11    0.585        -1.223       -1.223   
#         L   12    4.641        0.594        0.594    
#         L   13    2.354        0.328        0.328    
#         L   14    0.094        0.469        0.469    
#         L   15    4.075        9.707        9.707    
#      Closed  :   1 | 1 range = [17, 31]   cut = 28   moveable = [ 18 19 20 21 22 23 24 25 26 27 28 29 30 31 ]   cutpoint_weight = 1   chainbreak_score = 4.20857   total_rama_moveable = 34.4173   inactive_moveable = [ ]
#      Designed:   1 | 0 range = [17, 31]   cut = 28   moveable = [ 18 19 20 21 22 23 24 25 26 27 28 29 30 31 ]   cutpoint_weight = 1   chainbreak_score = 6.58602   total_rama_moveable = 32.2817   inactive_moveable = [ ]
#      Refined :   1 | 0 range = [17, 31]   cut = 28   moveable = [ 18 19 20 21 22 23 24 25 26 27 28 29 30 31 ]   cutpoint_weight = 1   chainbreak_score = 6.58602   total_rama_moveable = 32.2817   inactive_moveable = [ ]
#
#         Rama per residue:
#         ss res    Closed       Designed     Refined  
#         H   18    0.604        -0.284       -0.284   
#         E   19    0.588        0.588        0.588    
#         E   20    5.776        5.776        5.776    
#         E   21    5.720        5.720        5.720    
#         E   22    7.210        -0.258       -0.258   
#         E   23    4.552        4.552        4.552    
#         E   24    5.660        -0.656       -0.656   
#         E   25    1.309        -0.347       -0.347   
#         E   26    -0.052       1.517        1.517    
#         E   27    -1.003       -0.400       -0.400   
#         E   28    1.549        0.099        0.099    
#         L   29    0.435        -1.071       -1.071   
#         L   30    1.676        16.975       16.975   
#         L   31    0.393        0.070        0.070    
#
#   epitope native range = [41, 53]   new range = [55, 67]
#      Closed  :   1 | 1 range = [47, 56]   cut = 50   moveable = [ 47 48 49 50 51 52 53 54 55 ]   cutpoint_weight = 1   chainbreak_score = 4.86158   total_rama_moveable = -2.90423   inactive_moveable = [ ]
#      Designed:   1 | 1 range = [47, 56]   cut = 50   moveable = [ 47 48 49 50 51 52 53 54 55 ]   cutpoint_weight = 1   chainbreak_score = 5.58904   total_rama_moveable = -3.21354   inactive_moveable = [ ]
#      Refined :   1 | 1 range = [47, 56]   cut = 50   moveable = [ 47 48 49 50 51 52 53 54 55 ]   cutpoint_weight = 1   chainbreak_score = 5.58904   total_rama_moveable = -3.21354   inactive_moveable = [ ]
#
#         Rama per residue:
#         ss res    Closed       Designed     Refined  
#         E   47    0.222        0.222        0.222    
#         H   48    -0.823       -0.823       -0.823   
#         H   49    -0.560       -0.645       -0.645   
#         H   50    -0.506       -0.524       -0.524   
#         H   51    0.683        -0.733       -0.733   
#         H   52    0.632        0.632        0.632    
#         H   53    -0.698       -0.698       -0.698   
#         H   54    -0.828       -0.274       -0.274   
#         H   55    -1.026       -0.371       -0.371   
#      Closed  :   1 | 1 range = [66, 75]   cut = 71   moveable = [ 67 68 69 70 71 72 73 74 75 ]   cutpoint_weight = 1   chainbreak_score = 7.21741   total_rama_moveable = 10.5934   inactive_moveable = [ ]
#      Designed:   1 | 0 range = [66, 75]   cut = 71   moveable = [ 67 68 69 70 71 72 73 74 75 ]   cutpoint_weight = 1   chainbreak_score = 9.39614   total_rama_moveable = 0.277763   inactive_moveable = [ ]
#      Refined :   1 | 0 range = [66, 75]   cut = 71   moveable = [ 67 68 69 70 71 72 73 74 75 ]   cutpoint_weight = 1   chainbreak_score = 9.39614   total_rama_moveable = 0.277763   inactive_moveable = [ ]
#
#         Rama per residue:
#         ss res    Closed       Designed     Refined  
#         H   67    -0.447       0.485        0.485    
#         H   68    3.573        0.412        0.412    
#         H   69    6.480        0.691        0.691    
#         H   70    -0.825       -0.346       -0.346   
#         H   71    1.001        0.687        0.687    
#         H   72    -0.037       -1.184       -1.184   
#         H   73    0.256        0.256        0.256    
#         H   74    -1.268       -0.483       -0.483   
#         L   75    1.860        -0.239       -0.239   
#
# * Design Positions
#
# Epitope positions:
#    18  ->  15  VAL
#    19  ->  16  ASP
#    20  ->  17  GLY
#    21  ->  18  TRP
#    41  ->  55  THR
#    42  ->  56  GLN
#    43  ->  57  ASN
#    44  ->  58  ALA
#    45  ->  59  ILE
#    46  ->  60  ASP
#    47  ->  61  GLU
#    48  ->  62  ILE
#    49  ->  63  THR
#    50  ->  64  ASN
#    51  ->  65  LYS
#    52  ->  66  VAL
#    53  ->  67  ASN
#
# Intra design positions
#    8  ALA  ->  ALA
#    9  SER  ->  THR
#    10  ARG  ->  GLY
#    11  ALA  ->  PRO
#    12  ALA  ->  ASP
#    13  ALA  ->  LYS
#    14  ALA  ->  SER
#    19  ALA  ->  ALA
#    20  ALA  ->  GLY
#    21  ALA  ->  GLY
#    22  ALA  ->  HIS
#    23  ALA  ->  GLY
#    24  ALA  ->  PHE
#    25  ALA  ->  ASP
#    26  ALA  ->  GLY
#    27  ALA  ->  PRO
#    28  ALA  ->  ASN
#    29  SER  ->  LEU
#    30  SER  ->  LEU
#    31  ASP  ->  LEU
#    34  ALA  ->  ALA
#    35  GLU  ->  GLU
#    37  ARG  ->  ARG
#    38  MET  ->  HIS
#    39  ASP  ->  ARG
#    40  HIS  ->  GLY
#    41  LEU  ->  GLY
#    42  ASP  ->  SER
#    43  TYR  ->  ASP
#    47  GLY  ->  GLY
#    48  GLN  ->  ALA
#    49  SER  ->  GLN
#    50  ARG  ->  ARG
#    51  ALA  ->  ARG
#    54  ALA  ->  ILE
#    68  ALA  ->  GLU
#    69  ALA  ->  ASP
#    70  ALA  ->  PRO
#    71  ALA  ->  ASN
#    72  ALA  ->  ASN
#    73  PRO  ->  GLY
#    74  PHE  ->  ASN
#    75  PHE  ->  THR
#    76  THR  ->  GLY
#    77  ALA  ->  GLY
#    80  ALA  ->  GLY
#    81  VAL  ->  ALA
#    85  ALA  ->  LEU
#    95  THR  ->  VAL
#    125  ARG  ->  ASP
#    132  HIS  ->  HIS
#    135  ALA  ->  GLN
#    139  GLU  ->  ASP
#    144  LYS  ->  GLU
#    146  PHE  ->  PHE
#    149  ASN  ->  PHE
#    152  GLU  ->  GLU
#    182  ASN  ->  GLY
#    184  PHE  ->  PHE
#
# Inter design positions:
#    52  ALA  ->  GLY
#    53  ALA  ->  ALA
#    84  ASP  ->  ALA
#
#                              es_only       total       ddG
# * Designed ES          :    -244.066     581.763       3.755
# * Refined ES (with Ab) :    -244.066     581.763       3.755
#
# * Stability Scores
#
# Score12_WT_scaffold = -309.038
#
