##### 1ukf.pdb  match  1
#####       1ukf.pdb           2             S            55          67                    41                  53                      -                      -                      -                      -                      -                      -                      -                      -      -0.22960830      -0.34522384       0.91000032       0.59751576      -0.78804392      -0.14819451       0.76828051       0.50971282       0.38721803        5.77339172        5.64804840       -8.80887413           0.268              0.251              0.154               0.021        5260.790          67.499         4.319         2.084                  -1                 0                      
#####              *           1             -            14          18                    18                  21                      -                      -                      -                      -                      -                      -                      -                      -                -                -                -                -                -                -                -                -                -                 -                 -                 -             inf              2.049              2.069                 inf         119.059               -        35.862        32.494                  -1                 0                      
#### 1ukf.pdb   14   18   graft_bb   graft_sc   @   LLLxxx|llll.**.eeeeeeeeee|xxxxxxxxxxLLL   &   ???|????.**.??????????|LLL
#### 1ukf.pdb   55   67   graft_bb   graft_sc   @   EHHHxxxx|hhhh.***********.hhhh|xxxxHHHL   &   ????|????.***********.????|????
#
### 1ukf.m1.c38.d3
# NOTICE -- Ab-epitope interaction versus epitope-scaffold was optimized before closure
# NOTICE -- closure was performed with Ab
# NOTICE -- this design succeeded refinement with Ab after design.  QC will be of REFINED designed structure.
#
#   epitope native range = [18, 21]   new range = [15, 18]
#      Closed  :   1 | 1 range = [8, 16]   cut = 10   moveable = [ 8 9 10 11 12 13 14 15 ]   cutpoint_weight = 1   chainbreak_score = 5.13157   total_rama_moveable = 2.6089   inactive_moveable = [ ]
#      Designed:   1 | 1 range = [8, 16]   cut = 10   moveable = [ 8 9 10 11 12 13 14 15 ]   cutpoint_weight = 1   chainbreak_score = 6.04142   total_rama_moveable = -1.17506   inactive_moveable = [ ]
#      Refined :   1 | 1 range = [8, 16]   cut = 10   moveable = [ 8 9 10 11 12 13 14 15 ]   cutpoint_weight = 1   chainbreak_score = 6.04142   total_rama_moveable = -1.17506   inactive_moveable = [ ]
#
#         Rama per residue:
#         ss res    Closed       Designed     Refined  
#         L    8    1.002        1.002        1.002    
#         L    9    -0.111       -1.455       -1.455   
#         L   10    0.126        0.126        0.126    
#         L   11    -0.010       -1.040       -1.040   
#         L   12    1.069        1.069        1.069    
#         L   13    1.273        -0.282       -0.282   
#         L   14    -1.069       -0.833       -0.833   
#         L   15    0.328        0.237        0.237    
#      Closed  :   1 | 1 range = [17, 31]   cut = 28   moveable = [ 18 19 20 21 22 23 24 25 26 27 28 29 30 31 ]   cutpoint_weight = 1   chainbreak_score = 0.280402   total_rama_moveable = 17.8428   inactive_moveable = [ ]
#      Designed:   1 | 0 range = [17, 31]   cut = 28   moveable = [ 18 19 20 21 22 23 24 25 26 27 28 29 30 31 ]   cutpoint_weight = 1   chainbreak_score = 0.447996   total_rama_moveable = 31.8572   inactive_moveable = [ ]
#      Refined :   1 | 0 range = [17, 31]   cut = 28   moveable = [ 18 19 20 21 22 23 24 25 26 27 28 29 30 31 ]   cutpoint_weight = 1   chainbreak_score = 0.447996   total_rama_moveable = 31.8572   inactive_moveable = [ ]
#
#         Rama per residue:
#         ss res    Closed       Designed     Refined  
#         H   18    6.056        4.857        4.857    
#         E   19    -1.161       -1.320       -1.320   
#         E   20    1.157        1.157        1.157    
#         E   21    4.658        -0.591       -0.591   
#         E   22    1.296        0.681        0.681    
#         E   23    -0.214       -0.214       -0.214   
#         E   24    4.748        0.580        0.580    
#         E   25    1.594        -0.686       -0.686   
#         E   26    0.663        -0.375       -0.375   
#         E   27    -0.907       -0.301       -0.301   
#         E   28    0.795        -1.181       -1.181   
#         L   29    0.161        9.378        9.378    
#         L   30    -0.169       20.000       20.000   
#         L   31    -0.833       -0.128       -0.128   
#
#   epitope native range = [41, 53]   new range = [55, 67]
#      Closed  :   1 | 1 range = [47, 56]   cut = 50   moveable = [ 47 48 49 50 51 52 53 54 55 ]   cutpoint_weight = 1   chainbreak_score = 5.02238   total_rama_moveable = -1.15759   inactive_moveable = [ ]
#      Designed:   1 | 1 range = [47, 56]   cut = 50   moveable = [ 47 48 49 50 51 52 53 54 55 ]   cutpoint_weight = 1   chainbreak_score = 5.01121   total_rama_moveable = -2.40305   inactive_moveable = [ ]
#      Refined :   1 | 1 range = [47, 56]   cut = 50   moveable = [ 47 48 49 50 51 52 53 54 55 ]   cutpoint_weight = 1   chainbreak_score = 5.01121   total_rama_moveable = -2.40305   inactive_moveable = [ ]
#
#         Rama per residue:
#         ss res    Closed       Designed     Refined  
#         E   47    0.222        0.222        0.222    
#         H   48    -0.404       -0.404       -0.404   
#         H   49    -0.463       -0.704       -0.704   
#         H   50    -0.870       -0.772       -0.772   
#         H   51    0.437        0.437        0.437    
#         H   52    0.671        0.671        0.671    
#         H   53    0.768        -0.546       -0.546   
#         H   54    -0.622       -0.974       -0.974   
#         H   55    -0.897       -0.333       -0.333   
#      Closed  :   1 | 1 range = [66, 75]   cut = 71   moveable = [ 67 68 69 70 71 72 73 74 75 ]   cutpoint_weight = 1   chainbreak_score = 7.57646   total_rama_moveable = 14.1088   inactive_moveable = [ ]
#      Designed:   1 | 0 range = [66, 75]   cut = 71   moveable = [ 67 68 69 70 71 72 73 74 75 ]   cutpoint_weight = 1   chainbreak_score = 11.0929   total_rama_moveable = 1.09492   inactive_moveable = [ ]
#      Refined :   1 | 0 range = [66, 75]   cut = 71   moveable = [ 67 68 69 70 71 72 73 74 75 ]   cutpoint_weight = 1   chainbreak_score = 11.0929   total_rama_moveable = 1.09492   inactive_moveable = [ ]
#
#         Rama per residue:
#         ss res    Closed       Designed     Refined  
#         H   67    -0.806       0.236        0.236    
#         H   68    6.024        1.766        1.766    
#         H   69    4.150        2.203        2.203    
#         H   70    -0.032       -0.656       -0.656   
#         H   71    0.649        -1.021       -1.021   
#         H   72    0.414        -1.016       -1.016   
#         H   73    0.826        0.826        0.826    
#         H   74    0.940        -0.748       -0.748   
#         L   75    1.943        -0.494       -0.494   
#
# * Design Positions
#
# Epitope positions:
#    18  ->  15  VAL
#    19  ->  16  ASP
#    20  ->  17  GLY
#    21  ->  18  TRP
#    41  ->  55  THR
#    42  ->  56  GLN
#    43  ->  57  ASN
#    44  ->  58  ALA
#    45  ->  59  ILE
#    46  ->  60  ASP
#    47  ->  61  GLU
#    48  ->  62  ILE
#    49  ->  63  THR
#    50  ->  64  ASN
#    51  ->  65  LYS
#    52  ->  66  VAL
#    53  ->  67  ASN
#
# Intra design positions
#    8  ALA  ->  ALA
#    9  SER  ->  ASN
#    10  ARG  ->  GLY
#    11  ALA  ->  PRO
#    12  ALA  ->  GLY
#    13  ALA  ->  TRP
#    14  ALA  ->  HIS
#    19  ALA  ->  SER
#    20  ALA  ->  GLY
#    21  ALA  ->  ARG
#    22  ALA  ->  SER
#    23  ALA  ->  GLY
#    24  ALA  ->  SER
#    25  ALA  ->  ASP
#    26  ALA  ->  GLN
#    27  ALA  ->  ASN
#    28  ALA  ->  LEU
#    29  SER  ->  LEU
#    30  SER  ->  LEU
#    31  ASP  ->  LEU
#    34  ALA  ->  ALA
#    35  GLU  ->  ASP
#    37  ARG  ->  ARG
#    38  MET  ->  ALA
#    39  ASP  ->  LYS
#    40  HIS  ->  PHE
#    41  LEU  ->  ASP
#    42  ASP  ->  SER
#    43  TYR  ->  ASN
#    47  GLY  ->  GLY
#    48  GLN  ->  ALA
#    49  SER  ->  GLN
#    50  ARG  ->  ARG
#    51  ALA  ->  GLY
#    54  ALA  ->  GLU
#    68  ALA  ->  GLU
#    69  ALA  ->  LYS
#    70  ALA  ->  PRO
#    71  ALA  ->  GLU
#    72  ALA  ->  GLU
#    73  PRO  ->  GLY
#    74  PHE  ->  GLU
#    75  PHE  ->  HIS
#    76  THR  ->  GLY
#    77  ALA  ->  GLY
#    80  ALA  ->  GLY
#    81  VAL  ->  GLU
#    85  ALA  ->  ASN
#    87  PHE  ->  SER
#    95  THR  ->  ILE
#    119  LYS  ->  SER
#    121  LEU  ->  THR
#    132  HIS  ->  HIS
#    133  ALA  ->  SER
#    135  ALA  ->  GLY
#    139  GLU  ->  ASP
#    144  LYS  ->  GLU
#    146  PHE  ->  ILE
#    149  ASN  ->  SER
#    152  GLU  ->  GLU
#    182  ASN  ->  GLY
#    184  PHE  ->  HIS
#    186  VAL  ->  THR
#    188  VAL  ->  GLY
#
# Inter design positions:
#    52  ALA  ->  GLY
#    53  ALA  ->  ALA
#    84  ASP  ->  ALA
#
#                              es_only       total       ddG
# * Designed ES          :    -206.518     602.254     -12.932
# * Refined ES (with Ab) :    -206.518     602.254     -12.932
#
# * Stability Scores
#
# Score12_WT_scaffold = -309.038
#
