##### 1ukf.pdb  match  1
#####       1ukf.pdb           2             S            55          67                    41                  53                      -                      -                      -                      -                      -                      -                      -                      -      -0.22960830      -0.34522384       0.91000032       0.59751576      -0.78804392      -0.14819451       0.76828051       0.50971282       0.38721803        5.77339172        5.64804840       -8.80887413           0.268              0.251              0.154               0.021        5260.790         135.945         4.319         2.084                  -1                 0                      
#####              *           1             -            14          18                    18                  21                      -                      -                      -                      -                      -                      -                      -                      -                -                -                -                -                -                -                -                -                -                 -                 -                 -             inf              2.049              2.069                 inf         119.059               -        35.862        32.494                  -1                 0                      
#### 1ukf.pdb   14   18   graft_bb   graft_sc   @   LLLL|.**L|EEEEE....   &   ????|***?|?????....
#### 1ukf.pdb   55   67   graft_bb   graft_sc   @   HHHH|.***********.|HHH   &   ????|???????????*?|???
#
### 1ukf.m1.c124.d3
# NOTICE -- Ab-epitope interaction versus epitope-scaffold was optimized before closure
# NOTICE -- closure was performed with Ab
# NOTICE -- this design succeeded refinement with Ab after design.  QC will be of REFINED designed structure.
#
#   epitope native range = [18, 21]   new range = [14, 17]
#      Closed  :   1 | 1 range = [10, 15]   cut = 13   moveable = [ 10 11 12 13 14 ]   cutpoint_weight = 1   chainbreak_score = 1.07545   total_rama_moveable = 3.96671   inactive_moveable = [ ]
#      Designed:   1 | 1 range = [10, 15]   cut = 13   moveable = [ 10 11 12 13 14 ]   cutpoint_weight = 1   chainbreak_score = 1.80014   total_rama_moveable = -1.60489   inactive_moveable = [ ]
#      Refined :   1 | 1 range = [10, 15]   cut = 13   moveable = [ 10 11 12 13 14 ]   cutpoint_weight = 1   chainbreak_score = 1.80014   total_rama_moveable = -1.60489   inactive_moveable = [ ]
#
#         Rama per residue:
#         ss res    Closed       Designed     Refined  
#         L   10    0.705        0.705        0.705    
#         L   11    -1.525       -0.832       -0.832   
#         L   12    -1.310       -1.262       -1.262   
#         L   13    5.259        -0.666       -0.666   
#         L   14    0.838        0.450        0.450    
#      Closed  :   1 | 1 range = [16, 26]   cut = 17   moveable = [ 17 18 19 20 21 22 23 24 25 26 ]   cutpoint_weight = 1   chainbreak_score = 1.77235   total_rama_moveable = -0.377032   inactive_moveable = [ ]
#      Designed:   1 | 0 range = [16, 26]   cut = 17   moveable = [ 17 18 19 20 21 22 23 24 25 26 ]   cutpoint_weight = 1   chainbreak_score = 2.17052   total_rama_moveable = 18.3559   inactive_moveable = [ ]
#      Refined :   1 | 0 range = [16, 26]   cut = 17   moveable = [ 17 18 19 20 21 22 23 24 25 26 ]   cutpoint_weight = 1   chainbreak_score = 2.17052   total_rama_moveable = 18.3559   inactive_moveable = [ ]
#
#         Rama per residue:
#         ss res    Closed       Designed     Refined  
#         L   17    3.159        20.000       20.000   
#         E   18    1.151        1.151        1.151    
#         E   19    0.899        0.899        0.899    
#         E   20    -0.377       -0.220       -0.220   
#         E   21    -1.299       -1.299       -1.299   
#         E   22    -1.148       -0.341       -0.341   
#         H   23    -1.045       -1.243       -1.243   
#         H   24    -0.284       -0.198       -0.198   
#         H   25    -0.614       -0.246       -0.246   
#         H   26    -0.819       -0.147       -0.147   
#
#   epitope native range = [41, 53]   new range = [54, 66]
#      Closed  :   1 | 1 range = [50, 55]   cut = 53   moveable = [ 50 51 52 53 54 ]   cutpoint_weight = 1   chainbreak_score = 1.03308   total_rama_moveable = -2.68093   inactive_moveable = [ ]
#      Designed:   1 | 0 range = [50, 55]   cut = 53   moveable = [ 50 51 52 53 54 ]   cutpoint_weight = 1   chainbreak_score = 2.37288   total_rama_moveable = -1.55974   inactive_moveable = [ ]
#      Refined :   1 | 0 range = [50, 55]   cut = 53   moveable = [ 50 51 52 53 54 ]   cutpoint_weight = 1   chainbreak_score = 2.37288   total_rama_moveable = -1.55974   inactive_moveable = [ ]
#
#         Rama per residue:
#         ss res    Closed       Designed     Refined  
#         H   50    0.650        0.650        0.650    
#         H   51    -1.024       -1.024       -1.024   
#         H   52    -0.361       -0.361       -0.361   
#         H   53    -0.991       -0.519       -0.519   
#         H   54    -0.955       -0.305       -0.305   
#      Closed  :   1 | 1 range = [65, 69]   cut = 66   moveable = [ 66 67 68 69 ]   cutpoint_weight = 1   chainbreak_score = 1.26118   total_rama_moveable = -2.77798   inactive_moveable = [ ]
#      Designed:   1 | 1 range = [65, 69]   cut = 66   moveable = [ 66 67 68 69 ]   cutpoint_weight = 1   chainbreak_score = 1.23614   total_rama_moveable = -2.96172   inactive_moveable = [ ]
#      Refined :   1 | 1 range = [65, 69]   cut = 66   moveable = [ 66 67 68 69 ]   cutpoint_weight = 1   chainbreak_score = 1.23614   total_rama_moveable = -2.96172   inactive_moveable = [ ]
#
#         Rama per residue:
#         ss res    Closed       Designed     Refined  
#         H   66    -0.918       0.111        0.111    
#         H   67    -1.103       -1.019       -1.019   
#         H   68    -0.706       -1.015       -1.015   
#         H   69    -0.052       -1.039       -1.039   
#
# * Design Positions
#
# Epitope positions:
#    18  ->  14  VAL
#    19  ->  15  ASP
#    20  ->  16  GLY
#    21  ->  17  TRP
#    41  ->  54  THR
#    42  ->  55  GLN
#    43  ->  56  ASN
#    44  ->  57  ALA
#    45  ->  58  ILE
#    46  ->  59  ASP
#    47  ->  60  GLU
#    48  ->  61  ILE
#    49  ->  62  THR
#    50  ->  63  ASN
#    51  ->  64  LYS
#    52  ->  65  VAL
#    53  ->  66  ASN
#
# Intra design positions
#    10  ARG  ->  ALA
#    11  ASP  ->  PRO
#    12  VAL  ->  PRO
#    13  ASN  ->  PHE
#    18  ALA  ->  GLY
#    19  GLY  ->  GLY
#    20  LEU  ->  LEU
#    21  SER  ->  ALA
#    22  THR  ->  ILE
#    23  GLU  ->  GLU
#    24  TRP  ->  TRP
#    25  LEU  ->  LEU
#    26  VAL  ->  VAL
#    27  MET  ->  HIS
#    28  SER  ->  ALA
#    34  GLU  ->  TRP
#    36  ARG  ->  ARG
#    37  MET  ->  MET
#    38  ASP  ->  LYS
#    39  HIS  ->  MET
#    40  LEU  ->  LEU
#    41  ASP  ->  SER
#    42  TYR  ->  ALA
#    46  GLY  ->  GLY
#    47  GLN  ->  ALA
#    49  ARG  ->  ARG
#    50  GLY  ->  GLY
#    53  ARG  ->  TYR
#    67  ASN  ->  ASN
#    68  ASP  ->  ASN
#    69  ASP  ->  HIS
#    70  GLU  ->  ASP
#    71  ALA  ->  HIS
#    75  THR  ->  GLY
#    76  ALA  ->  GLY
#    79  ALA  ->  GLY
#    80  VAL  ->  ALA
#    84  ALA  ->  ALA
#    86  PHE  ->  PHE
#    120  LEU  ->  LEU
#    131  HIS  ->  HIS
#    132  ALA  ->  TRP
#    134  ALA  ->  ALA
#    143  LYS  ->  LYS
#    145  PHE  ->  TYR
#    148  ASN  ->  SER
#    150  GLY  ->  GLY
#    151  GLU  ->  GLU
#
# Inter design positions:
#    51  SER  ->  ALA
#    52  GLU  ->  ALA
#    83  ASP  ->  ALA
#
#                              es_only       total       ddG
# * Designed ES          :    -283.121     526.610     -11.364
# * Refined ES (with Ab) :    -283.121     526.610     -11.364
#
# * Stability Scores
#
# Score12_WT_scaffold = -309.038
#
