##### 1ukf.pdb  match  1
#####       1ukf.pdb           2             S            55          67                    41                  53                      -                      -                      -                      -                      -                      -                      -                      -      -0.22960830      -0.34522384       0.91000032       0.59751576      -0.78804392      -0.14819451       0.76828051       0.50971282       0.38721803        5.77339172        5.64804840       -8.80887413           0.268              0.251              0.154               0.021        5260.790         112.375         4.319         2.084                  -1                 0                      
#####              *           1             -            14          18                    18                  21                      -                      -                      -                      -                      -                      -                      -                      -                -                -                -                -                -                -                -                -                -                 -                 -                 -             inf              2.049              2.069                 inf         119.059               -        35.862        32.494                  -1                 0                      
#### 1ukf.pdb   14   18   graft_bb   graft_sc   @   LLL|****llllllllll|xxxxxxxxxxLLL   &   ...|****??????????|???
#### 1ukf.pdb   55   67   graft_bb   graft_sc   @   HHHH|.***********.|HHH   &   ????|???????????*?|???
#
### 1ukf.m1.c126.d3
# NOTICE -- Ab-epitope interaction versus epitope-scaffold was optimized before closure
# NOTICE -- closure was performed with Ab
# NOTICE -- this design succeeded refinement with Ab after design.  QC will be of REFINED designed structure.
#
#   epitope native range = [18, 21]   new range = [14, 17]
#      Closed  :   1 | 1 range = [11, 14]   cut = 13   moveable = [ 11 12 13 ]   cutpoint_weight = 1   chainbreak_score = 9.9528   total_rama_moveable = 6.12862   inactive_moveable = [ ]
#      Designed:   1 | 0 range = [11, 14]   cut = 13   moveable = [ 11 12 13 ]   cutpoint_weight = 1   chainbreak_score = 11.2299   total_rama_moveable = 6.86857   inactive_moveable = [ ]
#      Refined :   1 | 0 range = [11, 14]   cut = 13   moveable = [ 11 12 13 ]   cutpoint_weight = 1   chainbreak_score = 11.2299   total_rama_moveable = 6.86857   inactive_moveable = [ ]
#
#         Rama per residue:
#         ss res    Closed       Designed     Refined  
#         L   11    2.322        -0.476       -0.476   
#         L   12    3.630        6.576        6.576    
#         L   13    0.177        0.768        0.768    
#      Closed  :   1 | 1 range = [17, 30]   cut = 27   moveable = [ 18 19 20 21 22 23 24 25 26 27 28 29 30 ]   cutpoint_weight = 1   chainbreak_score = 0.255756   total_rama_moveable = 6.89093   inactive_moveable = [ ]
#      Designed:   1 | 1 range = [17, 30]   cut = 27   moveable = [ 18 19 20 21 22 23 24 25 26 27 28 29 30 ]   cutpoint_weight = 1   chainbreak_score = 0.303528   total_rama_moveable = -4.44105   inactive_moveable = [ ]
#      Refined :   1 | 1 range = [17, 30]   cut = 27   moveable = [ 18 19 20 21 22 23 24 25 26 27 28 29 30 ]   cutpoint_weight = 1   chainbreak_score = 0.303528   total_rama_moveable = -4.44105   inactive_moveable = [ ]
#
#         Rama per residue:
#         ss res    Closed       Designed     Refined  
#         L   18    0.450        -0.275       -0.275   
#         L   19    1.507        0.259        0.259    
#         L   20    3.880        3.880        3.880    
#         L   21    0.734        -0.779       -0.779   
#         L   22    0.953        -0.048       -0.048   
#         L   23    0.009        -1.252       -1.252   
#         L   24    -0.861       -1.088       -1.088   
#         L   25    0.323        -0.758       -0.758   
#         L   26    -0.830       -1.207       -1.207   
#         L   27    0.344        -0.604       -0.604   
#         L   28    -1.941       -1.941       -1.941   
#         L   29    2.840        0.082        0.082    
#         L   30    -0.516       -0.709       -0.709   
#
#   epitope native range = [41, 53]   new range = [54, 66]
#      Closed  :   1 | 1 range = [50, 55]   cut = 53   moveable = [ 50 51 52 53 54 ]   cutpoint_weight = 1   chainbreak_score = 4.36191   total_rama_moveable = -1.2097   inactive_moveable = [ ]
#      Designed:   1 | 1 range = [50, 55]   cut = 53   moveable = [ 50 51 52 53 54 ]   cutpoint_weight = 1   chainbreak_score = 5.0821   total_rama_moveable = -3.38728   inactive_moveable = [ ]
#      Refined :   1 | 1 range = [50, 55]   cut = 53   moveable = [ 50 51 52 53 54 ]   cutpoint_weight = 1   chainbreak_score = 5.0821   total_rama_moveable = -3.38728   inactive_moveable = [ ]
#
#         Rama per residue:
#         ss res    Closed       Designed     Refined  
#         H   50    0.549        -0.899       -0.899   
#         H   51    -0.772       -0.772       -0.772   
#         H   52    -0.641       -0.641       -0.641   
#         H   53    -1.076       -0.922       -0.922   
#         H   54    0.730        -0.154       -0.154   
#      Closed  :   1 | 1 range = [65, 69]   cut = 66   moveable = [ 66 67 68 69 ]   cutpoint_weight = 1   chainbreak_score = 3.27362   total_rama_moveable = -1.04789   inactive_moveable = [ ]
#      Designed:   1 | 1 range = [65, 69]   cut = 66   moveable = [ 66 67 68 69 ]   cutpoint_weight = 1   chainbreak_score = 3.27554   total_rama_moveable = -2.21064   inactive_moveable = [ ]
#      Refined :   1 | 1 range = [65, 69]   cut = 66   moveable = [ 66 67 68 69 ]   cutpoint_weight = 1   chainbreak_score = 3.27554   total_rama_moveable = -2.21064   inactive_moveable = [ ]
#
#         Rama per residue:
#         ss res    Closed       Designed     Refined  
#         H   66    -0.736       0.264        0.264    
#         H   67    -0.181       -1.172       -1.172   
#         H   68    -0.286       -1.458       -1.458   
#         H   69    0.155        0.155        0.155    
#
# * Design Positions
#
# Epitope positions:
#    18  ->  14  VAL
#    19  ->  15  ASP
#    20  ->  16  GLY
#    21  ->  17  TRP
#    41  ->  54  THR
#    42  ->  55  GLN
#    43  ->  56  ASN
#    44  ->  57  ALA
#    45  ->  58  ILE
#    46  ->  59  ASP
#    47  ->  60  GLU
#    48  ->  61  ILE
#    49  ->  62  THR
#    50  ->  63  ASN
#    51  ->  64  LYS
#    52  ->  65  VAL
#    53  ->  66  ASN
#
# Intra design positions
#    10  ARG  ->  GLN
#    11  ASP  ->  ASP
#    12  VAL  ->  VAL
#    13  ASN  ->  ASN
#    18  ALA  ->  ILE
#    19  ALA  ->  ALA
#    20  ALA  ->  GLY
#    21  ALA  ->  SER
#    22  ALA  ->  THR
#    23  ALA  ->  SER
#    24  ALA  ->  LEU
#    25  ALA  ->  TYR
#    26  ALA  ->  ASN
#    27  ALA  ->  ASN
#    28  SER  ->  GLY
#    29  SER  ->  ASN
#    30  ASP  ->  LEU
#    36  ARG  ->  ARG
#    37  MET  ->  MET
#    39  HIS  ->  TRP
#    40  LEU  ->  GLY
#    41  ASP  ->  SER
#    42  TYR  ->  LYS
#    46  GLY  ->  GLY
#    47  GLN  ->  ALA
#    49  ARG  ->  ARG
#    50  GLY  ->  ALA
#    53  ARG  ->  TRP
#    67  ASN  ->  ASN
#    68  ASP  ->  ASN
#    69  ASP  ->  GLY
#    71  ALA  ->  HIS
#    75  THR  ->  GLY
#    76  ALA  ->  GLY
#    79  ALA  ->  GLY
#    80  VAL  ->  MET
#    84  ALA  ->  ARG
#    131  HIS  ->  HIS
#    134  ALA  ->  THR
#    138  GLU  ->  ASP
#    143  LYS  ->  GLU
#    145  PHE  ->  ILE
#    148  ASN  ->  SER
#    151  GLU  ->  GLU
#
# Inter design positions:
#    51  SER  ->  ALA
#    52  GLU  ->  ALA
#    83  ASP  ->  ALA
#
#                              es_only       total       ddG
# * Designed ES          :    -269.841     538.352     -12.972
# * Refined ES (with Ab) :    -269.841     538.352     -12.972
#
# * Stability Scores
#
# Score12_WT_scaffold = -309.038
#
