##### 1ukf.pdb  match  1
#####       1ukf.pdb           2             S            55          67                    41                  53                      -                      -                      -                      -                      -                      -                      -                      -      -0.22960830      -0.34522384       0.91000032       0.59751576      -0.78804392      -0.14819451       0.76828051       0.50971282       0.38721803        5.77339172        5.64804840       -8.80887413           0.268              0.251              0.154               0.021        5260.790         112.375         4.319         2.084                  -1                 0                      
#####              *           1             -            14          18                    18                  21                      -                      -                      -                      -                      -                      -                      -                      -                -                -                -                -                -                -                -                -                -                 -                 -                 -             inf              2.049              2.069                 inf         119.059               -        35.862        32.494                  -1                 0                      
#### 1ukf.pdb   14   18   graft_bb   graft_sc   @   LLL|****llllllllll|xxxxxxxxxxLLL   &   ...|****??????????|???
#### 1ukf.pdb   55   67   graft_bb   graft_sc   @   HHHH|.***********.|HHH   &   ????|???????????*?|???
#
### 1ukf.m1.c80.d1
# NOTICE -- Ab-epitope interaction versus epitope-scaffold was optimized before closure
# NOTICE -- closure was performed with Ab
# NOTICE -- this design succeeded refinement with Ab after design.  QC will be of REFINED designed structure.
#
#   epitope native range = [18, 21]   new range = [14, 17]
#      Closed  :   1 | 1 range = [11, 14]   cut = 13   moveable = [ 11 12 13 ]   cutpoint_weight = 1   chainbreak_score = 9.89834   total_rama_moveable = 8.27346   inactive_moveable = [ ]
#      Designed:   1 | 0 range = [11, 14]   cut = 13   moveable = [ 11 12 13 ]   cutpoint_weight = 1   chainbreak_score = 10.1463   total_rama_moveable = 8.43603   inactive_moveable = [ ]
#      Refined :   1 | 0 range = [11, 14]   cut = 13   moveable = [ 11 12 13 ]   cutpoint_weight = 1   chainbreak_score = 10.1463   total_rama_moveable = 8.43603   inactive_moveable = [ ]
#
#         Rama per residue:
#         ss res    Closed       Designed     Refined  
#         L   11    1.909        -0.428       -0.428   
#         L   12    5.433        7.137        7.137    
#         L   13    0.931        1.728        1.728    
#      Closed  :   1 | 1 range = [17, 30]   cut = 27   moveable = [ 18 19 20 21 22 23 24 25 26 27 28 29 30 ]   cutpoint_weight = 1   chainbreak_score = 1.14962   total_rama_moveable = 12.4053   inactive_moveable = [ ]
#      Designed:   1 | 1 range = [17, 30]   cut = 27   moveable = [ 18 19 20 21 22 23 24 25 26 27 28 29 30 ]   cutpoint_weight = 1   chainbreak_score = 1.99505   total_rama_moveable = 1.68466   inactive_moveable = [ ]
#      Refined :   1 | 1 range = [17, 30]   cut = 27   moveable = [ 18 19 20 21 22 23 24 25 26 27 28 29 30 ]   cutpoint_weight = 1   chainbreak_score = 1.99505   total_rama_moveable = 1.68466   inactive_moveable = [ ]
#
#         Rama per residue:
#         ss res    Closed       Designed     Refined  
#         L   18    0.161        -0.340       -0.340   
#         L   19    0.966        0.135        0.135    
#         L   20    -0.137       -0.643       -0.643   
#         L   21    4.089        1.708        1.708    
#         L   22    0.486        -1.063       -1.063   
#         L   23    0.373        -0.886       -0.886   
#         L   24    -0.964       -0.694       -0.694   
#         L   25    -1.225       -1.322       -1.322   
#         L   26    -1.317       -0.471       -0.471   
#         L   27    3.394        0.013        0.013    
#         L   28    6.829        5.924        5.924    
#         L   29    0.975        0.416        0.416    
#         L   30    -1.225       -1.092       -1.092   
#
#   epitope native range = [41, 53]   new range = [54, 66]
#      Closed  :   1 | 1 range = [50, 55]   cut = 53   moveable = [ 50 51 52 53 54 ]   cutpoint_weight = 1   chainbreak_score = 4.36191   total_rama_moveable = -1.2097   inactive_moveable = [ ]
#      Designed:   1 | 1 range = [50, 55]   cut = 53   moveable = [ 50 51 52 53 54 ]   cutpoint_weight = 1   chainbreak_score = 5.0821   total_rama_moveable = -2.80699   inactive_moveable = [ ]
#      Refined :   1 | 1 range = [50, 55]   cut = 53   moveable = [ 50 51 52 53 54 ]   cutpoint_weight = 1   chainbreak_score = 5.0821   total_rama_moveable = -2.80699   inactive_moveable = [ ]
#
#         Rama per residue:
#         ss res    Closed       Designed     Refined  
#         H   50    0.549        -0.619       -0.619   
#         H   51    -0.772       -0.772       -0.772   
#         H   52    -0.641       -0.641       -0.641   
#         H   53    -1.076       -0.621       -0.621   
#         H   54    0.730        -0.154       -0.154   
#      Closed  :   1 | 1 range = [65, 69]   cut = 66   moveable = [ 66 67 68 69 ]   cutpoint_weight = 1   chainbreak_score = 3.27362   total_rama_moveable = -1.04789   inactive_moveable = [ ]
#      Designed:   1 | 1 range = [65, 69]   cut = 66   moveable = [ 66 67 68 69 ]   cutpoint_weight = 1   chainbreak_score = 3.27554   total_rama_moveable = -2.21064   inactive_moveable = [ ]
#      Refined :   1 | 1 range = [65, 69]   cut = 66   moveable = [ 66 67 68 69 ]   cutpoint_weight = 1   chainbreak_score = 3.27554   total_rama_moveable = -2.21064   inactive_moveable = [ ]
#
#         Rama per residue:
#         ss res    Closed       Designed     Refined  
#         H   66    -0.736       0.264        0.264    
#         H   67    -0.181       -1.172       -1.172   
#         H   68    -0.286       -1.458       -1.458   
#         H   69    0.155        0.155        0.155    
#
# * Design Positions
#
# Epitope positions:
#    18  ->  14  VAL
#    19  ->  15  ASP
#    20  ->  16  GLY
#    21  ->  17  TRP
#    41  ->  54  THR
#    42  ->  55  GLN
#    43  ->  56  ASN
#    44  ->  57  ALA
#    45  ->  58  ILE
#    46  ->  59  ASP
#    47  ->  60  GLU
#    48  ->  61  ILE
#    49  ->  62  THR
#    50  ->  63  ASN
#    51  ->  64  LYS
#    52  ->  65  VAL
#    53  ->  66  ASN
#
# Intra design positions
#    10  ARG  ->  GLN
#    11  ASP  ->  ASP
#    12  VAL  ->  VAL
#    13  ASN  ->  ASN
#    18  ALA  ->  THR
#    19  ALA  ->  SER
#    20  ALA  ->  THR
#    21  ALA  ->  THR
#    22  ALA  ->  ASN
#    23  ALA  ->  GLN
#    24  ALA  ->  SER
#    25  ALA  ->  SER
#    26  ALA  ->  ASN
#    27  ALA  ->  LYS
#    28  SER  ->  THR
#    29  SER  ->  SER
#    30  ASP  ->  ASP
#    36  ARG  ->  ARG
#    37  MET  ->  MET
#    39  HIS  ->  ASP
#    40  LEU  ->  GLY
#    41  ASP  ->  SER
#    42  TYR  ->  LYS
#    46  GLY  ->  GLY
#    47  GLN  ->  ALA
#    49  ARG  ->  GLN
#    50  GLY  ->  SER
#    53  ARG  ->  LEU
#    67  ASN  ->  ASN
#    68  ASP  ->  ASN
#    69  ASP  ->  GLY
#    71  ALA  ->  HIS
#    75  THR  ->  GLY
#    76  ALA  ->  GLY
#    79  ALA  ->  GLY
#    80  VAL  ->  MET
#    84  ALA  ->  MET
#    131  HIS  ->  HIS
#    134  ALA  ->  SER
#    138  GLU  ->  ASP
#    143  LYS  ->  LYS
#    145  PHE  ->  ILE
#    148  ASN  ->  ARG
#    151  GLU  ->  GLU
#
# Inter design positions:
#    51  SER  ->  ALA
#    52  GLU  ->  ALA
#    83  ASP  ->  ALA
#
#                              es_only       total       ddG
# * Designed ES          :    -267.744     540.529     -12.889
# * Refined ES (with Ab) :    -267.744     540.529     -12.889
#
# * Stability Scores
#
# Score12_WT_scaffold = -309.038
#
