##### 1ukf.pdb  match  1
#####       1ukf.pdb           2             S            55          67                    41                  53                      -                      -                      -                      -                      -                      -                      -                      -      -0.22960830      -0.34522384       0.91000032       0.59751576      -0.78804392      -0.14819451       0.76828051       0.50971282       0.38721803        5.77339172        5.64804840       -8.80887413           0.268              0.251              0.154               0.021        5260.790          59.576         4.319         2.084                  -1                 0                      
#####              *           1             -            14          18                    18                  21                      -                      -                      -                      -                      -                      -                      -                      -                -                -                -                -                -                -                -                -                -                 -                 -                 -             inf              2.049              2.069                 inf         119.059               -        35.862        32.494                  -1                 0                      
#### 1ukf.pdb   14   18   graft_bb   graft_sc   @   LLLxxx|lll.**.llllllllll|xxxxxxxxxxLLL   &   ???|???.***.?????????|???
#### 1ukf.pdb   55   67   graft_bb   graft_sc   @   HHHHxx|hhh.***********.hhh|xxHHH   &   ????|???????????????*???|???
#
### 1ukf.m1.c146.d3
# NOTICE -- Ab-epitope interaction versus epitope-scaffold was optimized before closure
# NOTICE -- closure was performed with Ab
# NOTICE -- this design succeeded refinement with Ab after design.  QC will be of REFINED designed structure.
#
#   epitope native range = [18, 21]   new range = [14, 17]
#      Closed  :   1 | 1 range = [8, 15]   cut = 10   moveable = [ 8 9 10 11 12 13 14 ]   cutpoint_weight = 1   chainbreak_score = 1.33176   total_rama_moveable = 3.28392   inactive_moveable = [ ]
#      Designed:   1 | 0 range = [8, 15]   cut = 10   moveable = [ 8 9 10 11 12 13 14 ]   cutpoint_weight = 1   chainbreak_score = 1.63014   total_rama_moveable = 0.232966   inactive_moveable = [ ]
#      Refined :   1 | 0 range = [8, 15]   cut = 10   moveable = [ 8 9 10 11 12 13 14 ]   cutpoint_weight = 1   chainbreak_score = 1.63014   total_rama_moveable = 0.232966   inactive_moveable = [ ]
#
#         Rama per residue:
#         ss res    Closed       Designed     Refined  
#         L    8    1.059        0.344        0.344    
#         L    9    0.309        -0.832       -0.832   
#         L   10    -0.312       -1.259       -1.259   
#         L   11    0.590        -0.375       -0.375   
#         L   12    0.722        0.722        0.722    
#         L   13    0.008        -0.492       -0.492   
#         L   14    0.907        2.125        2.125    
#      Closed  :   1 | 1 range = [16, 30]   cut = 27   moveable = [ 17 18 19 20 21 22 23 24 25 26 27 28 29 30 ]   cutpoint_weight = 1   chainbreak_score = 0.51037   total_rama_moveable = 4.4017   inactive_moveable = [ ]
#      Designed:   1 | 1 range = [16, 30]   cut = 27   moveable = [ 17 18 19 20 21 22 23 24 25 26 27 28 29 30 ]   cutpoint_weight = 1   chainbreak_score = 0.590412   total_rama_moveable = -4.9396   inactive_moveable = [ ]
#      Refined :   1 | 1 range = [16, 30]   cut = 27   moveable = [ 17 18 19 20 21 22 23 24 25 26 27 28 29 30 ]   cutpoint_weight = 1   chainbreak_score = 0.590412   total_rama_moveable = -4.9396   inactive_moveable = [ ]
#
#         Rama per residue:
#         ss res    Closed       Designed     Refined  
#         H   17    1.808        0.380        0.380    
#         L   18    -1.326       -1.326       -1.326   
#         L   19    0.052        0.555        0.555    
#         L   20    0.542        -0.739       -0.739   
#         L   21    1.256        1.474        1.474    
#         L   22    1.183        0.388        0.388    
#         L   23    -0.422       -0.488       -0.488   
#         L   24    0.192        -0.617       -0.617   
#         L   25    0.330        -1.216       -1.216   
#         L   26    0.578        -0.736       -0.736   
#         L   27    -0.202       -0.202       -0.202   
#         L   28    0.157        -1.231       -1.231   
#         L   29    0.096        -0.244       -0.244   
#         L   30    0.156        -0.938       -0.938   
#
#   epitope native range = [41, 53]   new range = [55, 67]
#      Closed  :   1 | 1 range = [48, 56]   cut = 51   moveable = [ 48 49 50 51 52 53 54 55 ]   cutpoint_weight = 1   chainbreak_score = 4.86149   total_rama_moveable = 6.04035   inactive_moveable = [ ]
#      Designed:   1 | 0 range = [48, 56]   cut = 51   moveable = [ 48 49 50 51 52 53 54 55 ]   cutpoint_weight = 1   chainbreak_score = 6.5057   total_rama_moveable = 2.67779   inactive_moveable = [ ]
#      Refined :   1 | 0 range = [48, 56]   cut = 51   moveable = [ 48 49 50 51 52 53 54 55 ]   cutpoint_weight = 1   chainbreak_score = 6.5057   total_rama_moveable = 2.67779   inactive_moveable = [ ]
#
#         Rama per residue:
#         ss res    Closed       Designed     Refined  
#         H   48    -1.084       -1.095       -1.095   
#         H   49    1.202        0.984        0.984    
#         H   50    0.854        -0.360       -0.360   
#         H   51    0.812        0.812        0.812    
#         H   52    1.616        0.581        0.581    
#         H   53    0.965        0.965        0.965    
#         H   54    0.990        0.990        0.990    
#         H   55    0.684        -0.200       -0.200   
#      Closed  :   1 | 1 range = [66, 73]   cut = 70   moveable = [ 67 68 69 70 71 72 73 ]   cutpoint_weight = 1   chainbreak_score = 3.11105   total_rama_moveable = 3.8443   inactive_moveable = [ ]
#      Designed:   1 | 0 range = [66, 73]   cut = 70   moveable = [ 67 68 69 70 71 72 73 ]   cutpoint_weight = 1   chainbreak_score = 4.6225   total_rama_moveable = -0.333745   inactive_moveable = [ ]
#      Refined :   1 | 0 range = [66, 73]   cut = 70   moveable = [ 67 68 69 70 71 72 73 ]   cutpoint_weight = 1   chainbreak_score = 4.6225   total_rama_moveable = -0.333745   inactive_moveable = [ ]
#
#         Rama per residue:
#         ss res    Closed       Designed     Refined  
#         H   67    0.584        2.715        2.715    
#         H   68    0.530        -1.064       -1.064   
#         H   69    -0.382       -0.382       -0.382   
#         H   70    0.418        -0.534       -0.534   
#         H   71    0.995        -0.059       -0.059   
#         H   72    1.415        -0.314       -0.314   
#         H   73    0.285        -0.697       -0.697   
#
# * Design Positions
#
# Epitope positions:
#    18  ->  14  VAL
#    19  ->  15  ASP
#    20  ->  16  GLY
#    21  ->  17  TRP
#    41  ->  55  THR
#    42  ->  56  GLN
#    43  ->  57  ASN
#    44  ->  58  ALA
#    45  ->  59  ILE
#    46  ->  60  ASP
#    47  ->  61  GLU
#    48  ->  62  ILE
#    49  ->  63  THR
#    50  ->  64  ASN
#    51  ->  65  LYS
#    52  ->  66  VAL
#    53  ->  67  ASN
#
# Intra design positions
#    8  ALA  ->  SER
#    9  SER  ->  ASP
#    10  ARG  ->  SER
#    11  ALA  ->  THR
#    12  ALA  ->  GLY
#    13  ALA  ->  SER
#    18  ALA  ->  ALA
#    19  ALA  ->  PRO
#    20  ALA  ->  PHE
#    21  ALA  ->  THR
#    22  ALA  ->  HIS
#    23  ALA  ->  TYR
#    24  ALA  ->  TRP
#    25  ALA  ->  PHE
#    26  ALA  ->  ASP
#    27  ALA  ->  GLY
#    28  SER  ->  ASN
#    29  SER  ->  ILE
#    30  ASP  ->  THR
#    33  ALA  ->  ALA
#    34  GLU  ->  ASP
#    36  ARG  ->  ARG
#    37  MET  ->  GLY
#    38  ASP  ->  LYS
#    39  HIS  ->  PHE
#    40  LEU  ->  PHE
#    41  ASP  ->  SER
#    42  TYR  ->  GLU
#    46  GLY  ->  GLY
#    47  GLN  ->  ARG
#    48  SER  ->  GLN
#    49  ARG  ->  TRP
#    50  GLY  ->  ALA
#    54  ALA  ->  GLY
#    68  ALA  ->  GLU
#    69  ALA  ->  GLY
#    70  ALA  ->  MET
#    71  ASP  ->  GLN
#    72  GLU  ->  LYS
#    73  ALA  ->  PHE
#    77  THR  ->  GLY
#    78  ALA  ->  GLY
#    81  ALA  ->  GLY
#    82  VAL  ->  MET
#    86  ALA  ->  TRP
#    122  LEU  ->  THR
#    133  HIS  ->  HIS
#    136  ALA  ->  ALA
#    140  GLU  ->  ASP
#    145  LYS  ->  GLU
#    147  PHE  ->  GLY
#    150  ASN  ->  SER
#    153  GLU  ->  PHE
#
# Inter design positions:
#    51  SER  ->  GLY
#    52  ALA  ->  THR
#    53  ALA  ->  GLY
#    85  ASP  ->  ALA
#
#                              es_only       total       ddG
# * Designed ES          :     282.865    1104.912      -9.678
# * Refined ES (with Ab) :     282.865    1104.912      -9.678
#
# * Stability Scores
#
# Score12_WT_scaffold = -309.038
#
