##### 1ukf.pdb  match  1
#####       1ukf.pdb           2             S            55          67                    41                  53                      -                      -                      -                      -                      -                      -                      -                      -      -0.22960830      -0.34522384       0.91000032       0.59751576      -0.78804392      -0.14819451       0.76828051       0.50971282       0.38721803        5.77339172        5.64804840       -8.80887413           0.268              0.251              0.154               0.021        5260.790          59.576         4.319         2.084                  -1                 0                      
#####              *           1             -            14          18                    18                  21                      -                      -                      -                      -                      -                      -                      -                      -                -                -                -                -                -                -                -                -                -                 -                 -                 -             inf              2.049              2.069                 inf         119.059               -        35.862        32.494                  -1                 0                      
#### 1ukf.pdb   14   18   graft_bb   graft_sc   @   LLLxxx|lll.**.llllllllll|xxxxxxxxxxLLL   &   ???|???.***.?????????|???
#### 1ukf.pdb   55   67   graft_bb   graft_sc   @   HHHHxx|hhh.***********.hhh|xxHHH   &   ????|???????????????*???|???
#
### 1ukf.m1.c74.d2
# NOTICE -- Ab-epitope interaction versus epitope-scaffold was optimized before closure
# NOTICE -- closure was performed with Ab
# NOTICE -- this design succeeded refinement with Ab after design.  QC will be of REFINED designed structure.
#
#   epitope native range = [18, 21]   new range = [14, 17]
#      Closed  :   1 | 1 range = [8, 15]   cut = 10   moveable = [ 8 9 10 11 12 13 14 ]   cutpoint_weight = 1   chainbreak_score = 4.57894   total_rama_moveable = 3.38353   inactive_moveable = [ ]
#      Designed:   1 | 0 range = [8, 15]   cut = 10   moveable = [ 8 9 10 11 12 13 14 ]   cutpoint_weight = 1   chainbreak_score = 5.07379   total_rama_moveable = -0.423101   inactive_moveable = [ ]
#      Refined :   1 | 0 range = [8, 15]   cut = 10   moveable = [ 8 9 10 11 12 13 14 ]   cutpoint_weight = 1   chainbreak_score = 5.07379   total_rama_moveable = -0.423101   inactive_moveable = [ ]
#
#         Rama per residue:
#         ss res    Closed       Designed     Refined  
#         L    8    0.899        0.899        0.899    
#         L    9    -0.058       -1.190       -1.190   
#         L   10    0.476        0.476        0.476    
#         L   11    -0.360       -1.038       -1.038   
#         L   12    -0.295       -0.295       -0.295   
#         L   13    1.699        -0.088       -0.088   
#         L   14    1.022        0.814        0.814    
#      Closed  :   1 | 1 range = [16, 30]   cut = 27   moveable = [ 17 18 19 20 21 22 23 24 25 26 27 28 29 30 ]   cutpoint_weight = 1   chainbreak_score = 0.404926   total_rama_moveable = 7.00745   inactive_moveable = [ ]
#      Designed:   1 | 0 range = [16, 30]   cut = 27   moveable = [ 17 18 19 20 21 22 23 24 25 26 27 28 29 30 ]   cutpoint_weight = 1   chainbreak_score = 0.642211   total_rama_moveable = 1.53795   inactive_moveable = [ ]
#      Refined :   1 | 0 range = [16, 30]   cut = 27   moveable = [ 17 18 19 20 21 22 23 24 25 26 27 28 29 30 ]   cutpoint_weight = 1   chainbreak_score = 0.642211   total_rama_moveable = 1.53795   inactive_moveable = [ ]
#
#         Rama per residue:
#         ss res    Closed       Designed     Refined  
#         H   17    0.014        -0.381       -0.381   
#         L   18    -0.949       6.820        6.820    
#         L   19    0.567        0.032        0.032    
#         L   20    -0.058       -0.058       -0.058   
#         L   21    0.954        -0.959       -0.959   
#         L   22    1.317        -0.504       -0.504   
#         L   23    0.357        -0.876       -0.876   
#         L   24    0.835        -0.353       -0.353   
#         L   25    0.948        -0.063       -0.063   
#         L   26    0.144        -0.676       -0.676   
#         L   27    1.872        1.160        1.160    
#         L   28    0.057        -1.112       -1.112   
#         L   29    0.149        -0.836       -0.836   
#         L   30    0.800        -0.655       -0.655   
#
#   epitope native range = [41, 53]   new range = [55, 67]
#      Closed  :   1 | 1 range = [48, 56]   cut = 51   moveable = [ 48 49 50 51 52 53 54 55 ]   cutpoint_weight = 1   chainbreak_score = 3.80855   total_rama_moveable = 5.14004   inactive_moveable = [ ]
#      Designed:   1 | 1 range = [48, 56]   cut = 51   moveable = [ 48 49 50 51 52 53 54 55 ]   cutpoint_weight = 1   chainbreak_score = 3.81518   total_rama_moveable = 3.46719   inactive_moveable = [ ]
#      Refined :   1 | 1 range = [48, 56]   cut = 51   moveable = [ 48 49 50 51 52 53 54 55 ]   cutpoint_weight = 1   chainbreak_score = 3.81518   total_rama_moveable = 3.46719   inactive_moveable = [ ]
#
#         Rama per residue:
#         ss res    Closed       Designed     Refined  
#         H   48    -1.138       -1.295       -1.295   
#         H   49    0.841        0.293        0.293    
#         H   50    0.886        0.886        0.886    
#         H   51    -0.065       -0.140       -0.140   
#         H   52    1.354        1.354        1.354    
#         H   53    0.808        0.808        0.808    
#         H   54    1.608        1.608        1.608    
#         H   55    0.845        -0.048       -0.048   
#      Closed  :   1 | 1 range = [66, 73]   cut = 70   moveable = [ 67 68 69 70 71 72 73 ]   cutpoint_weight = 1   chainbreak_score = 4.05592   total_rama_moveable = -1.12803   inactive_moveable = [ ]
#      Designed:   1 | 1 range = [66, 73]   cut = 70   moveable = [ 67 68 69 70 71 72 73 ]   cutpoint_weight = 1   chainbreak_score = 4.88514   total_rama_moveable = -4.24165   inactive_moveable = [ ]
#      Refined :   1 | 1 range = [66, 73]   cut = 70   moveable = [ 67 68 69 70 71 72 73 ]   cutpoint_weight = 1   chainbreak_score = 4.88514   total_rama_moveable = -4.24165   inactive_moveable = [ ]
#
#         Rama per residue:
#         ss res    Closed       Designed     Refined  
#         H   67    -1.003       -0.002       -0.002   
#         H   68    0.061        -1.276       -1.276   
#         H   69    -0.956       -0.956       -0.956   
#         H   70    -0.094       -0.094       -0.094   
#         H   71    0.951        -0.651       -0.651   
#         H   72    -0.896       -0.648       -0.648   
#         H   73    0.809        -0.615       -0.615   
#
# * Design Positions
#
# Epitope positions:
#    18  ->  14  VAL
#    19  ->  15  ASP
#    20  ->  16  GLY
#    21  ->  17  TRP
#    41  ->  55  THR
#    42  ->  56  GLN
#    43  ->  57  ASN
#    44  ->  58  ALA
#    45  ->  59  ILE
#    46  ->  60  ASP
#    47  ->  61  GLU
#    48  ->  62  ILE
#    49  ->  63  THR
#    50  ->  64  ASN
#    51  ->  65  LYS
#    52  ->  66  VAL
#    53  ->  67  ASN
#
# Intra design positions
#    8  ALA  ->  ALA
#    9  SER  ->  ASN
#    10  ARG  ->  GLY
#    11  ALA  ->  PRO
#    12  ALA  ->  GLY
#    13  ALA  ->  SER
#    18  ALA  ->  ALA
#    19  ALA  ->  THR
#    20  ALA  ->  GLY
#    21  ALA  ->  PHE
#    22  ALA  ->  SER
#    23  ALA  ->  SER
#    24  ALA  ->  TYR
#    25  ALA  ->  SER
#    26  ALA  ->  ASN
#    27  ALA  ->  SER
#    28  SER  ->  ASP
#    29  SER  ->  ASP
#    30  ASP  ->  THR
#    33  ALA  ->  ALA
#    34  GLU  ->  ASP
#    36  ARG  ->  ALA
#    37  MET  ->  ALA
#    38  ASP  ->  LYS
#    39  HIS  ->  TYR
#    40  LEU  ->  PHE
#    41  ASP  ->  SER
#    42  TYR  ->  GLN
#    46  GLY  ->  GLY
#    47  GLN  ->  GLU
#    48  SER  ->  GLU
#    49  ARG  ->  GLN
#    50  GLY  ->  GLY
#    54  ALA  ->  GLY
#    68  ALA  ->  LYS
#    69  ALA  ->  GLY
#    70  ALA  ->  GLY
#    71  ASP  ->  GLU
#    72  GLU  ->  GLN
#    73  ALA  ->  THR
#    77  THR  ->  GLY
#    78  ALA  ->  GLY
#    81  ALA  ->  GLY
#    82  VAL  ->  ALA
#    86  ALA  ->  MET
#    88  PHE  ->  ASP
#    120  LYS  ->  THR
#    133  HIS  ->  HIS
#    136  ALA  ->  GLY
#    140  GLU  ->  ASP
#    145  LYS  ->  LYS
#    147  PHE  ->  TRP
#    150  ASN  ->  SER
#    153  GLU  ->  PHE
#
# Inter design positions:
#    51  SER  ->  SER
#    52  ALA  ->  GLY
#    53  ALA  ->  GLY
#    85  ASP  ->  ALA
#
#                              es_only       total       ddG
# * Designed ES          :     430.252    1239.455     -11.711
# * Refined ES (with Ab) :     430.252    1239.455     -11.711
#
# * Stability Scores
#
# Score12_WT_scaffold = -309.038
#
