##### 1ukf.pdb  match  1
#####       1ukf.pdb           2             S            55          67                    41                  53                      -                      -                      -                      -                      -                      -                      -                      -      -0.22960830      -0.34522384       0.91000032       0.59751576      -0.78804392      -0.14819451       0.76828051       0.50971282       0.38721803        5.77339172        5.64804840       -8.80887413           0.268              0.251              0.154               0.021        5260.790          59.332         4.319         2.084                  -1                 0                      
#####              *           1             -            14          18                    18                  21                      -                      -                      -                      -                      -                      -                      -                      -                -                -                -                -                -                -                -                -                -                 -                 -                 -             inf              2.049              2.069                 inf         119.059               -        35.862        32.494                  -1                 0                      
#### 1ukf.pdb   14   18   graft_bb   graft_sc   @   LLLxxx|lll****llllllllll|xxxxxxxxxxLLL   &   ??.|????****?????????|???
#### 1ukf.pdb   55   67   graft_bb   graft_sc   @   HHHHxx|hh.***********.hh|xxHH   &   ????|???***********???|??
#
### 1ukf.m1.c126.d3
# NOTICE -- Ab-epitope interaction versus epitope-scaffold was optimized before closure
# NOTICE -- closure was performed with Ab
# NOTICE -- this design succeeded refinement with Ab after design.  QC will be of REFINED designed structure.
#
#   epitope native range = [18, 21]   new range = [14, 17]
#      Closed  :   1 | 1 range = [8, 14]   cut = 10   moveable = [ 8 9 10 11 12 13 ]   cutpoint_weight = 1   chainbreak_score = 0.643232   total_rama_moveable = 4.41198   inactive_moveable = [ ]
#      Designed:   1 | 0 range = [8, 14]   cut = 10   moveable = [ 8 9 10 11 12 13 ]   cutpoint_weight = 1   chainbreak_score = 1.02275   total_rama_moveable = 0.176045   inactive_moveable = [ ]
#      Refined :   1 | 0 range = [8, 14]   cut = 10   moveable = [ 8 9 10 11 12 13 ]   cutpoint_weight = 1   chainbreak_score = 1.02275   total_rama_moveable = 0.176045   inactive_moveable = [ ]
#
#         Rama per residue:
#         ss res    Closed       Designed     Refined  
#         L    8    0.711        0.711        0.711    
#         L    9    1.594        -0.744       -0.744   
#         L   10    1.688        2.465        2.465    
#         L   11    0.745        0.153        0.153    
#         L   12    0.600        -1.286       -1.286   
#         L   13    -0.925       -1.123       -1.123   
#      Closed  :   1 | 1 range = [17, 30]   cut = 27   moveable = [ 18 19 20 21 22 23 24 25 26 27 28 29 30 ]   cutpoint_weight = 1   chainbreak_score = 2.44174   total_rama_moveable = 3.25182   inactive_moveable = [ ]
#      Designed:   1 | 0 range = [17, 30]   cut = 27   moveable = [ 18 19 20 21 22 23 24 25 26 27 28 29 30 ]   cutpoint_weight = 1   chainbreak_score = 3.07401   total_rama_moveable = 11.384   inactive_moveable = [ ]
#      Refined :   1 | 0 range = [17, 30]   cut = 27   moveable = [ 18 19 20 21 22 23 24 25 26 27 28 29 30 ]   cutpoint_weight = 1   chainbreak_score = 3.07401   total_rama_moveable = 11.384   inactive_moveable = [ ]
#
#         Rama per residue:
#         ss res    Closed       Designed     Refined  
#         L   18    1.541        20.000       20.000   
#         L   19    0.820        -0.501       -0.501   
#         L   20    1.352        0.261        0.261    
#         L   21    -0.408       -1.477       -1.477   
#         L   22    0.820        -0.967       -0.967   
#         L   23    -0.188       -0.188       -0.188   
#         L   24    0.593        -0.598       -0.598   
#         L   25    -0.004       -1.185       -1.185   
#         L   26    -0.336       -0.210       -0.210   
#         L   27    0.652        -0.889       -0.889   
#         L   28    -1.898       -1.898       -1.898   
#         L   29    0.142        0.142        0.142    
#         L   30    0.166        -1.107       -1.107   
#
#   epitope native range = [41, 53]   new range = [54, 66]
#      Closed  :   1 | 0 range = [48, 55]   cut = 51   moveable = [ 48 49 50 51 52 53 54 ]   cutpoint_weight = 1   chainbreak_score = 95.1349   total_rama_moveable = -0.666983   inactive_moveable = [ ]
#      Designed:   1 | 0 range = [48, 55]   cut = 51   moveable = [ 48 49 50 51 52 53 54 ]   cutpoint_weight = 1   chainbreak_score = 84.9057   total_rama_moveable = 0.66964   inactive_moveable = [ ]
#      Refined :   1 | 0 range = [48, 55]   cut = 51   moveable = [ 48 49 50 51 52 53 54 ]   cutpoint_weight = 1   chainbreak_score = 84.9057   total_rama_moveable = 0.66964   inactive_moveable = [ ]
#
#         Rama per residue:
#         ss res    Closed       Designed     Refined  
#         H   48    -0.588       -0.650       -0.650   
#         H   49    -0.780       -0.895       -0.895   
#         H   50    0.549        0.549        0.549    
#         H   51    -0.772       -0.772       -0.772   
#         H   52    0.097        2.951        2.951    
#         H   53    0.097        -0.360       -0.360   
#         H   54    0.730        -0.154       -0.154   
#      Closed  :   1 | 1 range = [65, 70]   cut = 68   moveable = [ 66 67 68 69 70 ]   cutpoint_weight = 1   chainbreak_score = 2.46176   total_rama_moveable = -0.60616   inactive_moveable = [ ]
#      Designed:   1 | 1 range = [65, 70]   cut = 68   moveable = [ 66 67 68 69 70 ]   cutpoint_weight = 1   chainbreak_score = 2.79503   total_rama_moveable = -2.36171   inactive_moveable = [ ]
#      Refined :   1 | 1 range = [65, 70]   cut = 68   moveable = [ 66 67 68 69 70 ]   cutpoint_weight = 1   chainbreak_score = 2.79503   total_rama_moveable = -2.36171   inactive_moveable = [ ]
#
#         Rama per residue:
#         ss res    Closed       Designed     Refined  
#         H   66    -0.450       0.584        0.584    
#         H   67    -0.122       -1.113       -1.113   
#         H   68    -0.309       -0.926       -0.926   
#         H   69    0.074        0.074        0.074    
#         H   70    0.201        -0.981       -0.981   
#
# * Design Positions
#
# Epitope positions:
#    18  ->  14  VAL
#    19  ->  15  ASP
#    20  ->  16  GLY
#    21  ->  17  TRP
#    41  ->  54  THR
#    42  ->  55  GLN
#    43  ->  56  ASN
#    44  ->  57  ALA
#    45  ->  58  ILE
#    46  ->  59  ASP
#    47  ->  60  GLU
#    48  ->  61  ILE
#    49  ->  62  THR
#    50  ->  63  ASN
#    51  ->  64  LYS
#    52  ->  65  VAL
#    53  ->  66  ASN
#
# Intra design positions
#    8  ALA  ->  ALA
#    9  SER  ->  LEU
#    10  ARG  ->  ARG
#    11  ALA  ->  THR
#    12  ALA  ->  LEU
#    13  ALA  ->  SER
#    18  ALA  ->  ALA
#    19  ALA  ->  SER
#    20  ALA  ->  SER
#    21  ALA  ->  ASN
#    22  ALA  ->  GLU
#    23  ALA  ->  GLY
#    24  ALA  ->  TYR
#    25  ALA  ->  ASP
#    26  ALA  ->  ASP
#    27  ALA  ->  VAL
#    28  SER  ->  GLY
#    29  SER  ->  GLY
#    30  ASP  ->  ARG
#    33  ALA  ->  ALA
#    34  GLU  ->  TRP
#    36  ARG  ->  ARG
#    37  MET  ->  GLY
#    38  ASP  ->  LYS
#    39  HIS  ->  PHE
#    40  LEU  ->  GLY
#    41  ASP  ->  SER
#    42  TYR  ->  ASP
#    46  GLY  ->  GLY
#    47  GLN  ->  ALA
#    48  SER  ->  GLN
#    49  ARG  ->  ARG
#    50  GLY  ->  GLY
#    52  ALA  ->  GLY
#    67  ALA  ->  ASN
#    68  ALA  ->  ASN
#    69  ASP  ->  GLY
#    70  GLU  ->  GLN
#    71  ALA  ->  PHE
#    75  THR  ->  GLY
#    76  ALA  ->  GLY
#    79  ALA  ->  GLY
#    80  VAL  ->  ALA
#    84  ALA  ->  GLY
#    131  HIS  ->  HIS
#    134  ALA  ->  SER
#    138  GLU  ->  ASP
#    143  LYS  ->  GLU
#    145  PHE  ->  PHE
#    148  ASN  ->  ASN
#    151  GLU  ->  GLU
#
# Inter design positions:
#    51  SER  ->  ALA
#    53  ALA  ->  SER
#    83  ASP  ->  ALA
#
#                              es_only       total       ddG
# * Designed ES          :     159.382     967.977     -12.885
# * Refined ES (with Ab) :     159.382     967.977     -12.885
#
# * Stability Scores
#
# Score12_WT_scaffold = -308.912
#
