##### 1ukf.pdb  match  1
#####       1ukf.pdb           2             S            55          67                    41                  53                      -                      -                      -                      -                      -                      -                      -                      -      -0.22960830      -0.34522384       0.91000032       0.59751576      -0.78804392      -0.14819451       0.76828051       0.50971282       0.38721803        5.77339172        5.64804840       -8.80887413           0.268              0.251              0.154               0.021        5260.790          59.332         4.319         2.084                  -1                 0                      
#####              *           1             -            14          18                    18                  21                      -                      -                      -                      -                      -                      -                      -                      -                -                -                -                -                -                -                -                -                -                 -                 -                 -             inf              2.049              2.069                 inf         119.059               -        35.862        32.494                  -1                 0                      
#### 1ukf.pdb   14   18   graft_bb   graft_sc   @   LLLxxx|lll****llllllllll|xxxxxxxxxxLLL   &   ??.|????****?????????|???
#### 1ukf.pdb   55   67   graft_bb   graft_sc   @   HHHHxx|hh.***********.hh|xxHH   &   ????|???***********???|??
#
### 1ukf.m1.c21.d2
# NOTICE -- Ab-epitope interaction versus epitope-scaffold was optimized before closure
# NOTICE -- closure was performed with Ab
# NOTICE -- this design succeeded refinement with Ab after design.  QC will be of REFINED designed structure.
#
#   epitope native range = [18, 21]   new range = [14, 17]
#      Closed  :   1 | 1 range = [8, 14]   cut = 10   moveable = [ 8 9 10 11 12 13 ]   cutpoint_weight = 1   chainbreak_score = 1.65041   total_rama_moveable = 4.07199   inactive_moveable = [ ]
#      Designed:   1 | 1 range = [8, 14]   cut = 10   moveable = [ 8 9 10 11 12 13 ]   cutpoint_weight = 1   chainbreak_score = 2.22658   total_rama_moveable = -2.71474   inactive_moveable = [ ]
#      Refined :   1 | 1 range = [8, 14]   cut = 10   moveable = [ 8 9 10 11 12 13 ]   cutpoint_weight = 1   chainbreak_score = 2.22658   total_rama_moveable = -2.71474   inactive_moveable = [ ]
#
#         Rama per residue:
#         ss res    Closed       Designed     Refined  
#         L    8    0.964        0.654        0.654    
#         L    9    0.498        -0.830       -0.830   
#         L   10    1.628        -0.265       -0.265   
#         L   11    0.705        -0.679       -0.679   
#         L   12    0.468        -0.694       -0.694   
#         L   13    -0.190       -0.901       -0.901   
#      Closed  :   1 | 1 range = [17, 30]   cut = 27   moveable = [ 18 19 20 21 22 23 24 25 26 27 28 29 30 ]   cutpoint_weight = 1   chainbreak_score = 0.0678502   total_rama_moveable = 4.4117   inactive_moveable = [ ]
#      Designed:   1 | 0 range = [17, 30]   cut = 27   moveable = [ 18 19 20 21 22 23 24 25 26 27 28 29 30 ]   cutpoint_weight = 1   chainbreak_score = 0.0748363   total_rama_moveable = -2.90046   inactive_moveable = [ ]
#      Refined :   1 | 0 range = [17, 30]   cut = 27   moveable = [ 18 19 20 21 22 23 24 25 26 27 28 29 30 ]   cutpoint_weight = 1   chainbreak_score = 0.0748363   total_rama_moveable = -2.90046   inactive_moveable = [ ]
#
#         Rama per residue:
#         ss res    Closed       Designed     Refined  
#         L   18    1.905        0.920        0.920    
#         L   19    0.541        0.541        0.541    
#         L   20    1.175        -0.575       -0.575   
#         L   21    -0.358       -0.358       -0.358   
#         L   22    -0.323       -1.138       -1.138   
#         L   23    1.018        -1.079       -1.079   
#         L   24    0.985        2.474        2.474    
#         L   25    -0.927       -1.118       -1.118   
#         L   26    -0.245       -1.188       -1.188   
#         L   27    0.667        0.667        0.667    
#         L   28    0.263        -0.516       -0.516   
#         L   29    -0.165       -1.406       -1.406   
#         L   30    -0.124       -0.124       -0.124   
#
#   epitope native range = [41, 53]   new range = [54, 66]
#      Closed  :   1 | 1 range = [48, 55]   cut = 51   moveable = [ 48 49 50 51 52 53 54 ]   cutpoint_weight = 1   chainbreak_score = 2.70342   total_rama_moveable = -4.02675   inactive_moveable = [ ]
#      Designed:   1 | 1 range = [48, 55]   cut = 51   moveable = [ 48 49 50 51 52 53 54 ]   cutpoint_weight = 1   chainbreak_score = 2.70545   total_rama_moveable = -4.49674   inactive_moveable = [ ]
#      Refined :   1 | 1 range = [48, 55]   cut = 51   moveable = [ 48 49 50 51 52 53 54 ]   cutpoint_weight = 1   chainbreak_score = 2.70545   total_rama_moveable = -4.49674   inactive_moveable = [ ]
#
#         Rama per residue:
#         ss res    Closed       Designed     Refined  
#         H   48    -0.837       -0.798       -0.798   
#         H   49    -0.795       -0.890       -0.890   
#         H   50    0.709        -0.706       -0.706   
#         H   51    -0.792       -0.792       -0.792   
#         H   52    -0.508       -0.508       -0.508   
#         H   53    -0.733       -0.287       -0.287   
#         H   54    -1.071       -0.517       -0.517   
#      Closed  :   1 | 1 range = [65, 70]   cut = 68   moveable = [ 66 67 68 69 70 ]   cutpoint_weight = 1   chainbreak_score = 0.862961   total_rama_moveable = -2.14547   inactive_moveable = [ ]
#      Designed:   1 | 1 range = [65, 70]   cut = 68   moveable = [ 66 67 68 69 70 ]   cutpoint_weight = 1   chainbreak_score = 1.29182   total_rama_moveable = -3.28653   inactive_moveable = [ ]
#      Refined :   1 | 1 range = [65, 70]   cut = 68   moveable = [ 66 67 68 69 70 ]   cutpoint_weight = 1   chainbreak_score = 1.29182   total_rama_moveable = -3.28653   inactive_moveable = [ ]
#
#         Rama per residue:
#         ss res    Closed       Designed     Refined  
#         H   66    -0.289       0.713        0.713    
#         H   67    -0.124       -1.189       -1.189   
#         H   68    -0.605       -1.182       -1.182   
#         H   69    -0.076       -0.749       -0.749   
#         H   70    -1.052       -0.879       -0.879   
#
# * Design Positions
#
# Epitope positions:
#    18  ->  14  VAL
#    19  ->  15  ASP
#    20  ->  16  GLY
#    21  ->  17  TRP
#    41  ->  54  THR
#    42  ->  55  GLN
#    43  ->  56  ASN
#    44  ->  57  ALA
#    45  ->  58  ILE
#    46  ->  59  ASP
#    47  ->  60  GLU
#    48  ->  61  ILE
#    49  ->  62  THR
#    50  ->  63  ASN
#    51  ->  64  LYS
#    52  ->  65  VAL
#    53  ->  66  ASN
#
# Intra design positions
#    8  ALA  ->  SER
#    9  SER  ->  THR
#    10  ARG  ->  ARG
#    11  ALA  ->  THR
#    12  ALA  ->  ASP
#    13  ALA  ->  GLN
#    18  ALA  ->  ALA
#    19  ALA  ->  GLY
#    20  ALA  ->  SER
#    21  ALA  ->  GLY
#    22  ALA  ->  PRO
#    23  ALA  ->  ASP
#    24  ALA  ->  HIS
#    25  ALA  ->  GLN
#    26  ALA  ->  ASN
#    27  ALA  ->  GLY
#    28  SER  ->  PRO
#    29  SER  ->  SER
#    30  ASP  ->  GLY
#    33  ALA  ->  ALA
#    34  GLU  ->  ASP
#    36  ARG  ->  ALA
#    37  MET  ->  GLY
#    38  ASP  ->  LYS
#    39  HIS  ->  PHE
#    40  LEU  ->  GLY
#    41  ASP  ->  SER
#    42  TYR  ->  ASP
#    46  GLY  ->  GLY
#    47  GLN  ->  ALA
#    48  SER  ->  GLN
#    49  ARG  ->  ARG
#    50  GLY  ->  ALA
#    53  ALA  ->  LEU
#    67  ALA  ->  ASN
#    68  ALA  ->  ASN
#    69  ASP  ->  HIS
#    70  GLU  ->  ASP
#    71  ALA  ->  HIS
#    75  THR  ->  GLY
#    76  ALA  ->  GLY
#    79  ALA  ->  GLY
#    80  VAL  ->  ALA
#    84  ALA  ->  ALA
#    86  PHE  ->  PHE
#    131  HIS  ->  HIS
#    134  ALA  ->  ARG
#    138  GLU  ->  ASP
#    143  LYS  ->  LYS
#    145  PHE  ->  PHE
#    148  ASN  ->  ARG
#    150  GLY  ->  GLY
#    151  GLU  ->  ILE
#
# Inter design positions:
#    51  SER  ->  ALA
#    52  ALA  ->  ALA
#    83  ASP  ->  ALA
#
#                              es_only       total       ddG
# * Designed ES          :     -27.410     781.536     -12.532
# * Refined ES (with Ab) :     -27.410     781.536     -12.532
#
# * Stability Scores
#
# Score12_WT_scaffold = -308.912
#
