##### 1ukf.pdb  match  1
#####       1ukf.pdb           2             S            55          67                    41                  53                      -                      -                      -                      -                      -                      -                      -                      -      -0.22960830      -0.34522384       0.91000032       0.59751576      -0.78804392      -0.14819451       0.76828051       0.50971282       0.38721803        5.77339172        5.64804840       -8.80887413           0.268              0.251              0.154               0.021        5260.790          84.395         4.319         2.084                  -1                 0                      
#####              *           1             -            14          18                    18                  21                      -                      -                      -                      -                      -                      -                      -                      -                -                -                -                -                -                -                -                -                -                 -                 -                 -             inf              2.049              2.069                 inf         119.059               -        35.862        32.494                  -1                 0                      
#### 1ukf.pdb   14   18   graft_bb   graft_sc   @   LLLxxx|lll****llllllllll|xxxxxxxxxxLLL   &   ??.|????****?????????|???
#### 1ukf.pdb   55   67   graft_bb   graft_sc   @   HHHHxx|hh.***********.hh|xxHH   &   ????|???***********???|??
#
### 1ukf.m1.c85.d1
# NOTICE -- Ab-epitope interaction versus epitope-scaffold was optimized before closure
# NOTICE -- closure was performed with Ab
# NOTICE -- this design succeeded refinement with Ab after design.  QC will be of REFINED designed structure.
#
#   epitope native range = [18, 21]   new range = [14, 17]
#      Closed  :   1 | 0 range = [8, 14]   cut = 10   moveable = [ 8 9 10 11 12 13 ]   cutpoint_weight = 1   chainbreak_score = 69.0703   total_rama_moveable = 29.0289   inactive_moveable = [ ]
#      Designed:   1 | 0 range = [8, 14]   cut = 10   moveable = [ 8 9 10 11 12 13 ]   cutpoint_weight = 1   chainbreak_score = 79.0227   total_rama_moveable = 20.6357   inactive_moveable = [ ]
#      Refined :   1 | 0 range = [8, 14]   cut = 10   moveable = [ 8 9 10 11 12 13 ]   cutpoint_weight = 1   chainbreak_score = 79.0227   total_rama_moveable = 20.6357   inactive_moveable = [ ]
#
#         Rama per residue:
#         ss res    Closed       Designed     Refined  
#         L    8    7.523        7.523        7.523    
#         L    9    1.037        -0.038       -0.038   
#         L   10    14.470       7.457        7.457    
#         L   11    2.951        2.951        2.951    
#         L   12    2.951        2.951        2.951    
#         L   13    0.097        -0.208       -0.208   
#      Closed  :   1 | 1 range = [17, 30]   cut = 27   moveable = [ 18 19 20 21 22 23 24 25 26 27 28 29 30 ]   cutpoint_weight = 1   chainbreak_score = 0.472253   total_rama_moveable = 4.5754   inactive_moveable = [ ]
#      Designed:   1 | 0 range = [17, 30]   cut = 27   moveable = [ 18 19 20 21 22 23 24 25 26 27 28 29 30 ]   cutpoint_weight = 1   chainbreak_score = 0.601121   total_rama_moveable = 13.3657   inactive_moveable = [ ]
#      Refined :   1 | 0 range = [17, 30]   cut = 27   moveable = [ 18 19 20 21 22 23 24 25 26 27 28 29 30 ]   cutpoint_weight = 1   chainbreak_score = 0.601121   total_rama_moveable = 13.3657   inactive_moveable = [ ]
#
#         Rama per residue:
#         ss res    Closed       Designed     Refined  
#         L   18    0.763        18.165       18.165   
#         L   19    0.828        0.828        0.828    
#         L   20    -0.114       -0.662       -0.662   
#         L   21    -0.347       0.475        0.475    
#         L   22    0.938        -0.276       -0.276   
#         L   23    0.832        0.107        0.107    
#         L   24    -0.293       -0.820       -0.820   
#         L   25    -0.175       -0.935       -0.935   
#         L   26    0.706        -0.886       -0.886   
#         L   27    0.612        -0.987       -0.987   
#         L   28    -0.012       -1.321       -1.321   
#         L   29    0.886        0.886        0.886    
#         L   30    -0.050       -1.208       -1.208   
#
#   epitope native range = [41, 53]   new range = [54, 66]
#      Closed  :   1 | 0 range = [48, 55]   cut = 51   moveable = [ 48 49 50 51 52 53 54 ]   cutpoint_weight = 1   chainbreak_score = 95.1349   total_rama_moveable = -0.666983   inactive_moveable = [ ]
#      Designed:   1 | 0 range = [48, 55]   cut = 51   moveable = [ 48 49 50 51 52 53 54 ]   cutpoint_weight = 1   chainbreak_score = 95.1051   total_rama_moveable = 16.6443   inactive_moveable = [ ]
#      Refined :   1 | 0 range = [48, 55]   cut = 51   moveable = [ 48 49 50 51 52 53 54 ]   cutpoint_weight = 1   chainbreak_score = 95.1051   total_rama_moveable = 16.6443   inactive_moveable = [ ]
#
#         Rama per residue:
#         ss res    Closed       Designed     Refined  
#         H   48    -0.588       -0.650       -0.650   
#         H   49    -0.780       -0.895       -0.895   
#         H   50    0.549        -0.525       -0.525   
#         H   51    -0.772       -0.772       -0.772   
#         H   52    0.097        20.000       20.000   
#         H   53    0.097        -0.360       -0.360   
#         H   54    0.730        -0.154       -0.154   
#      Closed  :   1 | 1 range = [65, 70]   cut = 68   moveable = [ 66 67 68 69 70 ]   cutpoint_weight = 1   chainbreak_score = 1.9235   total_rama_moveable = -3.02808   inactive_moveable = [ ]
#      Designed:   1 | 0 range = [65, 70]   cut = 68   moveable = [ 66 67 68 69 70 ]   cutpoint_weight = 1   chainbreak_score = 2.26057   total_rama_moveable = -2.96942   inactive_moveable = [ ]
#      Refined :   1 | 0 range = [65, 70]   cut = 68   moveable = [ 66 67 68 69 70 ]   cutpoint_weight = 1   chainbreak_score = 2.26057   total_rama_moveable = -2.96942   inactive_moveable = [ ]
#
#         Rama per residue:
#         ss res    Closed       Designed     Refined  
#         H   66    -1.132       -0.286       -0.286   
#         H   67    -0.057       -1.203       -1.203   
#         H   68    -0.679       -1.194       -1.194   
#         H   69    0.187        0.187        0.187    
#         H   70    -1.347       -0.474       -0.474   
#
# * Design Positions
#
# Epitope positions:
#    18  ->  14  VAL
#    19  ->  15  ASP
#    20  ->  16  GLY
#    21  ->  17  TRP
#    41  ->  54  THR
#    42  ->  55  GLN
#    43  ->  56  ASN
#    44  ->  57  ALA
#    45  ->  58  ILE
#    46  ->  59  ASP
#    47  ->  60  GLU
#    48  ->  61  ILE
#    49  ->  62  THR
#    50  ->  63  ASN
#    51  ->  64  LYS
#    52  ->  65  VAL
#    53  ->  66  ASN
#
# Intra design positions
#    8  ALA  ->  ALA
#    9  SER  ->  PRO
#    10  ARG  ->  ARG
#    11  ALA  ->  GLY
#    12  ALA  ->  GLY
#    13  ALA  ->  THR
#    18  ALA  ->  ALA
#    19  ALA  ->  GLY
#    20  ALA  ->  PRO
#    21  ALA  ->  PRO
#    22  ALA  ->  SER
#    23  ALA  ->  SER
#    24  ALA  ->  SER
#    25  ALA  ->  ASN
#    26  ALA  ->  ASN
#    27  ALA  ->  SER
#    28  SER  ->  SER
#    29  SER  ->  GLY
#    30  ASP  ->  ASP
#    31  GLY  ->  GLY
#    33  ALA  ->  ALA
#    34  GLU  ->  TRP
#    36  ARG  ->  ARG
#    37  MET  ->  MET
#    38  ASP  ->  ASP
#    39  HIS  ->  PHE
#    40  LEU  ->  GLY
#    41  ASP  ->  SER
#    42  TYR  ->  LYS
#    46  GLY  ->  GLY
#    47  GLN  ->  ALA
#    48  SER  ->  GLN
#    49  ARG  ->  ARG
#    50  GLY  ->  MET
#    52  ALA  ->  PRO
#    67  ALA  ->  ASN
#    68  ALA  ->  ASN
#    69  ASP  ->  GLY
#    70  GLU  ->  ASN
#    71  ALA  ->  HIS
#    75  THR  ->  GLY
#    76  ALA  ->  GLY
#    79  ALA  ->  GLY
#    80  VAL  ->  ALA
#    84  ALA  ->  GLY
#    131  HIS  ->  HIS
#    134  ALA  ->  SER
#    138  GLU  ->  ASP
#    143  LYS  ->  LYS
#    145  PHE  ->  ILE
#    148  ASN  ->  SER
#    151  GLU  ->  GLU
#
# Inter design positions:
#    51  SER  ->  ALA
#    53  ALA  ->  SER
#    83  ASP  ->  GLY
#
#                              es_only       total       ddG
# * Designed ES          :     -18.288     789.442     -12.812
# * Refined ES (with Ab) :     -18.288     789.442     -12.812
#
# * Stability Scores
#
# Score12_WT_scaffold = -308.912
#
