##### 1ukf.pdb  match  1
#####       1ukf.pdb           2             S            55          67                    41                  53                      -                      -                      -                      -                      -                      -                      -                      -      -0.22960830      -0.34522384       0.91000032       0.59751576      -0.78804392      -0.14819451       0.76828051       0.50971282       0.38721803        5.77339172        5.64804840       -8.80887413           0.268              0.251              0.154               0.021        5260.790          84.395         4.319         2.084                  -1                 0                      
#####              *           1             -            14          18                    18                  21                      -                      -                      -                      -                      -                      -                      -                      -                -                -                -                -                -                -                -                -                -                 -                 -                 -             inf              2.049              2.069                 inf         119.059               -        35.862        32.494                  -1                 0                      
#### 1ukf.pdb   14   18   graft_bb   graft_sc   @   LLLxxx|lll****llllllllll|xxxxxxxxxxLLL   &   ??.|????****?????????|???
#### 1ukf.pdb   55   67   graft_bb   graft_sc   @   HHHHxx|hh.***********.hh|xxHH   &   ????|???***********???|??
#
### 1ukf.m1.c10.d1
# NOTICE -- Ab-epitope interaction versus epitope-scaffold was optimized before closure
# NOTICE -- closure was performed with Ab
# NOTICE -- this design succeeded refinement with Ab after design.  QC will be of REFINED designed structure.
#
#   epitope native range = [18, 21]   new range = [14, 17]
#      Closed  :   1 | 1 range = [8, 14]   cut = 10   moveable = [ 8 9 10 11 12 13 ]   cutpoint_weight = 1   chainbreak_score = 0.358904   total_rama_moveable = 4.77579   inactive_moveable = [ ]
#      Designed:   1 | 1 range = [8, 14]   cut = 10   moveable = [ 8 9 10 11 12 13 ]   cutpoint_weight = 1   chainbreak_score = 0.469246   total_rama_moveable = -1.77831   inactive_moveable = [ ]
#      Refined :   1 | 1 range = [8, 14]   cut = 10   moveable = [ 8 9 10 11 12 13 ]   cutpoint_weight = 1   chainbreak_score = 0.469246   total_rama_moveable = -1.77831   inactive_moveable = [ ]
#
#         Rama per residue:
#         ss res    Closed       Designed     Refined  
#         L    8    1.988        0.958        0.958    
#         L    9    0.077        -1.016       -1.016   
#         L   10    0.832        0.188        0.188    
#         L   11    0.862        -0.428       -0.428   
#         L   12    1.145        -0.729       -0.729   
#         L   13    -0.129       -0.751       -0.751   
#      Closed  :   1 | 1 range = [17, 30]   cut = 27   moveable = [ 18 19 20 21 22 23 24 25 26 27 28 29 30 ]   cutpoint_weight = 1   chainbreak_score = 0.67644   total_rama_moveable = 0.169307   inactive_moveable = [ ]
#      Designed:   1 | 1 range = [17, 30]   cut = 27   moveable = [ 18 19 20 21 22 23 24 25 26 27 28 29 30 ]   cutpoint_weight = 1   chainbreak_score = 1.01604   total_rama_moveable = -7.19029   inactive_moveable = [ ]
#      Refined :   1 | 1 range = [17, 30]   cut = 27   moveable = [ 18 19 20 21 22 23 24 25 26 27 28 29 30 ]   cutpoint_weight = 1   chainbreak_score = 1.01604   total_rama_moveable = -7.19029   inactive_moveable = [ ]
#
#         Rama per residue:
#         ss res    Closed       Designed     Refined  
#         L   18    1.410        0.041        0.041    
#         L   19    -0.176       -0.597       -0.597   
#         L   20    0.015        0.015        0.015    
#         L   21    0.107        -0.392       -0.392   
#         L   22    0.016        -0.481       -0.481   
#         L   23    1.866        -0.546       -0.546   
#         L   24    -1.600       -1.600       -1.600   
#         L   25    1.464        1.178        1.178    
#         L   26    -1.161       -1.016       -1.016   
#         L   27    0.066        -0.843       -0.843   
#         L   28    1.500        0.412        0.412    
#         L   29    -2.024       -2.024       -2.024   
#         L   30    -1.313       -1.337       -1.337   
#
#   epitope native range = [41, 53]   new range = [54, 66]
#      Closed  :   1 | 0 range = [48, 55]   cut = 51   moveable = [ 48 49 50 51 52 53 54 ]   cutpoint_weight = 1   chainbreak_score = 95.1349   total_rama_moveable = -0.666983   inactive_moveable = [ ]
#      Designed:   1 | 0 range = [48, 55]   cut = 51   moveable = [ 48 49 50 51 52 53 54 ]   cutpoint_weight = 1   chainbreak_score = 95.105   total_rama_moveable = -1.59732   inactive_moveable = [ ]
#      Refined :   1 | 0 range = [48, 55]   cut = 51   moveable = [ 48 49 50 51 52 53 54 ]   cutpoint_weight = 1   chainbreak_score = 95.105   total_rama_moveable = -1.59732   inactive_moveable = [ ]
#
#         Rama per residue:
#         ss res    Closed       Designed     Refined  
#         H   48    -0.588       -0.650       -0.650   
#         H   49    -0.780       -0.308       -0.308   
#         H   50    0.549        0.549        0.549    
#         H   51    -0.772       -0.772       -0.772   
#         H   52    0.097        0.097        0.097    
#         H   53    0.097        -0.360       -0.360   
#         H   54    0.730        -0.154       -0.154   
#      Closed  :   1 | 1 range = [65, 70]   cut = 68   moveable = [ 66 67 68 69 70 ]   cutpoint_weight = 1   chainbreak_score = 1.49829   total_rama_moveable = -3.63614   inactive_moveable = [ ]
#      Designed:   1 | 1 range = [65, 70]   cut = 68   moveable = [ 66 67 68 69 70 ]   cutpoint_weight = 1   chainbreak_score = 1.74697   total_rama_moveable = -3.51304   inactive_moveable = [ ]
#      Refined :   1 | 1 range = [65, 70]   cut = 68   moveable = [ 66 67 68 69 70 ]   cutpoint_weight = 1   chainbreak_score = 1.74697   total_rama_moveable = -3.51304   inactive_moveable = [ ]
#
#         Rama per residue:
#         ss res    Closed       Designed     Refined  
#         H   66    -0.396       0.580        0.580    
#         H   67    -1.188       -1.245       -1.245   
#         H   68    -1.223       -1.223       -1.223   
#         H   69    0.463        -0.767       -0.767   
#         H   70    -1.293       -0.859       -0.859   
#
# * Design Positions
#
# Epitope positions:
#    18  ->  14  VAL
#    19  ->  15  ASP
#    20  ->  16  GLY
#    21  ->  17  TRP
#    41  ->  54  THR
#    42  ->  55  GLN
#    43  ->  56  ASN
#    44  ->  57  ALA
#    45  ->  58  ILE
#    46  ->  59  ASP
#    47  ->  60  GLU
#    48  ->  61  ILE
#    49  ->  62  THR
#    50  ->  63  ASN
#    51  ->  64  LYS
#    52  ->  65  VAL
#    53  ->  66  ASN
#
# Intra design positions
#    8  ALA  ->  SER
#    9  SER  ->  VAL
#    10  ARG  ->  ARG
#    11  ALA  ->  THR
#    12  ALA  ->  ALA
#    13  ALA  ->  HIS
#    18  ALA  ->  ALA
#    19  ALA  ->  GLU
#    20  ALA  ->  GLY
#    21  ALA  ->  PHE
#    22  ALA  ->  PRO
#    23  ALA  ->  THR
#    24  ALA  ->  GLY
#    25  ALA  ->  SER
#    26  ALA  ->  SER
#    27  ALA  ->  ASP
#    28  SER  ->  ASN
#    29  SER  ->  GLY
#    30  ASP  ->  SER
#    33  ALA  ->  ALA
#    34  GLU  ->  ASP
#    36  ARG  ->  ARG
#    37  MET  ->  GLY
#    38  ASP  ->  LYS
#    39  HIS  ->  ALA
#    40  LEU  ->  GLY
#    41  ASP  ->  SER
#    42  TYR  ->  SER
#    46  GLY  ->  GLY
#    47  GLN  ->  ARG
#    48  SER  ->  GLN
#    49  ARG  ->  PHE
#    50  GLY  ->  GLY
#    52  ALA  ->  ALA
#    67  ALA  ->  GLU
#    68  ALA  ->  GLY
#    69  ASP  ->  HIS
#    70  GLU  ->  ASP
#    71  ALA  ->  HIS
#    75  THR  ->  GLY
#    76  ALA  ->  GLY
#    79  ALA  ->  GLY
#    80  VAL  ->  ALA
#    84  ALA  ->  GLY
#    118  LYS  ->  MET
#    131  HIS  ->  HIS
#    134  ALA  ->  ARG
#    138  GLU  ->  ASP
#    143  LYS  ->  VAL
#    145  PHE  ->  GLN
#    148  ASN  ->  SER
#    150  GLY  ->  GLY
#    151  GLU  ->  GLU
#
# Inter design positions:
#    51  SER  ->  ALA
#    53  ALA  ->  SER
#    83  ASP  ->  GLY
#
#                              es_only       total       ddG
# * Designed ES          :     -63.404     745.165     -11.953
# * Refined ES (with Ab) :     -63.404     745.165     -11.953
#
# * Stability Scores
#
# Score12_WT_scaffold = -308.912
#
