##### 1ukf.pdb  match  1
#####       1ukf.pdb           2             S            55          67                    41                  53                      -                      -                      -                      -                      -                      -                      -                      -      -0.22960830      -0.34522384       0.91000032       0.59751576      -0.78804392      -0.14819451       0.76828051       0.50971282       0.38721803        5.77339172        5.64804840       -8.80887413           0.268              0.251              0.154               0.021        5260.790         105.767         4.319         2.084                  -1                 0                      
#####              *           1             -            14          18                    18                  21                      -                      -                      -                      -                      -                      -                      -                      -                -                -                -                -                -                -                -                -                -                 -                 -                 -             inf              2.049              2.069                 inf         119.059               -        35.862        32.494                  -1                 0                      
#### 1ukf.pdb   14   18   graft_bb   graft_sc   @   LLLxxx|lll****llllllllll|xxxxxxxxxxLLL   &   ??.|????****?????????|???
#### 1ukf.pdb   55   67   graft_bb   graft_sc   @   HHHHxx|hh.***********.hh|xxHH   &   ????|???***********???|??
#
### 1ukf.m1.c32.d2
# NOTICE -- Ab-epitope interaction versus epitope-scaffold was optimized before closure
# NOTICE -- closure was performed with Ab
# NOTICE -- this design succeeded refinement with Ab after design.  QC will be of REFINED designed structure.
#
#   epitope native range = [18, 21]   new range = [14, 17]
#      Closed  :   1 | 0 range = [8, 14]   cut = 10   moveable = [ 8 9 10 11 12 13 ]   cutpoint_weight = 1   chainbreak_score = 69.0702   total_rama_moveable = 29.0289   inactive_moveable = [ ]
#      Designed:   1 | 0 range = [8, 14]   cut = 10   moveable = [ 8 9 10 11 12 13 ]   cutpoint_weight = 1   chainbreak_score = 79.0225   total_rama_moveable = 20.4835   inactive_moveable = [ ]
#      Refined :   1 | 0 range = [8, 14]   cut = 10   moveable = [ 8 9 10 11 12 13 ]   cutpoint_weight = 1   chainbreak_score = 79.0225   total_rama_moveable = 20.4835   inactive_moveable = [ ]
#
#         Rama per residue:
#         ss res    Closed       Designed     Refined  
#         L    8    7.523        7.523        7.523    
#         L    9    1.037        -0.038       -0.038   
#         L   10    14.470       7.457        7.457    
#         L   11    2.951        2.951        2.951    
#         L   12    2.951        2.951        2.951    
#         L   13    0.097        -0.360       -0.360   
#      Closed  :   1 | 1 range = [17, 30]   cut = 27   moveable = [ 18 19 20 21 22 23 24 25 26 27 28 29 30 ]   cutpoint_weight = 1   chainbreak_score = 0.599249   total_rama_moveable = -2.31911   inactive_moveable = [ ]
#      Designed:   1 | 1 range = [17, 30]   cut = 27   moveable = [ 18 19 20 21 22 23 24 25 26 27 28 29 30 ]   cutpoint_weight = 1   chainbreak_score = 0.837493   total_rama_moveable = -10.0767   inactive_moveable = [ ]
#      Refined :   1 | 1 range = [17, 30]   cut = 27   moveable = [ 18 19 20 21 22 23 24 25 26 27 28 29 30 ]   cutpoint_weight = 1   chainbreak_score = 0.837493   total_rama_moveable = -10.0767   inactive_moveable = [ ]
#
#         Rama per residue:
#         ss res    Closed       Designed     Refined  
#         L   18    -1.302       0.882        0.882    
#         L   19    0.272        -0.988       -0.988   
#         L   20    0.534        -1.088       -1.088   
#         L   21    0.301        -0.892       -0.892   
#         L   22    -1.383       -1.383       -1.383   
#         L   23    0.617        0.617        0.617    
#         L   24    -1.126       -0.908       -0.908   
#         L   25    0.314        -1.191       -1.191   
#         L   26    -0.089       -0.904       -0.904   
#         L   27    0.059        -1.441       -1.441   
#         L   28    0.634        -0.208       -0.208   
#         L   29    -0.058       -1.358       -1.358   
#         L   30    -1.093       -1.215       -1.215   
#
#   epitope native range = [41, 53]   new range = [54, 66]
#      Closed  :   1 | 0 range = [48, 55]   cut = 51   moveable = [ 48 49 50 51 52 53 54 ]   cutpoint_weight = 1   chainbreak_score = 71.2134   total_rama_moveable = 3.58524   inactive_moveable = [ ]
#      Designed:   1 | 0 range = [48, 55]   cut = 51   moveable = [ 48 49 50 51 52 53 54 ]   cutpoint_weight = 1   chainbreak_score = 84.9054   total_rama_moveable = -1.07972   inactive_moveable = [ ]
#      Refined :   1 | 0 range = [48, 55]   cut = 51   moveable = [ 48 49 50 51 52 53 54 ]   cutpoint_weight = 1   chainbreak_score = 84.9054   total_rama_moveable = -1.07972   inactive_moveable = [ ]
#
#         Rama per residue:
#         ss res    Closed       Designed     Refined  
#         H   48    -0.588       -0.951       -0.951   
#         H   49    -0.780       -0.895       -0.895   
#         H   50    0.549        -0.899       -0.899   
#         H   51    0.626        -0.772       -0.772   
#         H   52    2.951        2.951        2.951    
#         H   53    0.097        -0.360       -0.360   
#         H   54    0.730        -0.154       -0.154   
#      Closed  :   1 | 1 range = [65, 70]   cut = 68   moveable = [ 66 67 68 69 70 ]   cutpoint_weight = 1   chainbreak_score = 0.0786863   total_rama_moveable = -1.54362   inactive_moveable = [ ]
#      Designed:   1 | 1 range = [65, 70]   cut = 68   moveable = [ 66 67 68 69 70 ]   cutpoint_weight = 1   chainbreak_score = 0.0929069   total_rama_moveable = -3.16717   inactive_moveable = [ ]
#      Refined :   1 | 1 range = [65, 70]   cut = 68   moveable = [ 66 67 68 69 70 ]   cutpoint_weight = 1   chainbreak_score = 0.0929069   total_rama_moveable = -3.16717   inactive_moveable = [ ]
#
#         Rama per residue:
#         ss res    Closed       Designed     Refined  
#         H   66    -1.214       -0.309       -0.309   
#         H   67    -0.054       -0.722       -0.722   
#         H   68    -0.212       -0.212       -0.212   
#         H   69    -0.366       -0.870       -0.870   
#         H   70    0.303        -1.054       -1.054   
#
# * Design Positions
#
# Epitope positions:
#    18  ->  14  VAL
#    19  ->  15  ASP
#    20  ->  16  GLY
#    21  ->  17  TRP
#    41  ->  54  THR
#    42  ->  55  GLN
#    43  ->  56  ASN
#    44  ->  57  ALA
#    45  ->  58  ILE
#    46  ->  59  ASP
#    47  ->  60  GLU
#    48  ->  61  ILE
#    49  ->  62  THR
#    50  ->  63  ASN
#    51  ->  64  LYS
#    52  ->  65  VAL
#    53  ->  66  ASN
#
# Intra design positions
#    8  ALA  ->  ALA
#    9  SER  ->  PRO
#    10  ARG  ->  ARG
#    11  ALA  ->  GLY
#    12  ALA  ->  GLY
#    13  ALA  ->  SER
#    18  ALA  ->  ALA
#    19  ALA  ->  SER
#    20  ALA  ->  SER
#    21  ALA  ->  ASP
#    22  ALA  ->  GLY
#    23  ALA  ->  GLY
#    24  ALA  ->  TRP
#    25  ALA  ->  ASN
#    26  ALA  ->  LEU
#    27  ALA  ->  GLU
#    28  SER  ->  THR
#    29  SER  ->  SER
#    30  ASP  ->  SER
#    33  ALA  ->  ALA
#    34  GLU  ->  TRP
#    36  ARG  ->  ARG
#    37  MET  ->  MET
#    38  ASP  ->  ASP
#    39  HIS  ->  ASN
#    40  LEU  ->  GLY
#    41  ASP  ->  SER
#    42  TYR  ->  ASP
#    46  GLY  ->  GLY
#    47  GLN  ->  ALA
#    48  SER  ->  GLU
#    49  ARG  ->  ARG
#    50  GLY  ->  ALA
#    52  ALA  ->  GLY
#    67  ALA  ->  ASN
#    68  ALA  ->  GLY
#    69  ASP  ->  HIS
#    70  GLU  ->  GLU
#    71  ALA  ->  HIS
#    75  THR  ->  GLY
#    76  ALA  ->  GLY
#    79  ALA  ->  GLY
#    80  VAL  ->  SER
#    84  ALA  ->  GLY
#    86  PHE  ->  PHE
#    131  HIS  ->  HIS
#    134  ALA  ->  THR
#    138  GLU  ->  ASP
#    143  LYS  ->  LYS
#    145  PHE  ->  ILE
#    148  ASN  ->  SER
#    151  GLU  ->  GLU
#
# Inter design positions:
#    51  SER  ->  ALA
#    53  ALA  ->  SER
#    83  ASP  ->  ALA
#
#                              es_only       total       ddG
# * Designed ES          :     -37.528     768.383     -14.330
# * Refined ES (with Ab) :     -37.528     768.383     -14.330
#
# * Stability Scores
#
# Score12_WT_scaffold = -309.038
#
