##### 1ukf.pdb  match  1
#####       1ukf.pdb           2             S            55          67                    41                  53                      -                      -                      -                      -                      -                      -                      -                      -      -0.22960830      -0.34522384       0.91000032       0.59751576      -0.78804392      -0.14819451       0.76828051       0.50971282       0.38721803        5.77339172        5.64804840       -8.80887413           0.268              0.251              0.154               0.021        5260.790         105.767         4.319         2.084                  -1                 0                      
#####              *           1             -            14          18                    18                  21                      -                      -                      -                      -                      -                      -                      -                      -                -                -                -                -                -                -                -                -                -                 -                 -                 -             inf              2.049              2.069                 inf         119.059               -        35.862        32.494                  -1                 0                      
#### 1ukf.pdb   14   18   graft_bb   graft_sc   @   LLLxxx|lll****llllllllll|xxxxxxxxxxLLL   &   ??.|????****?????????|???
#### 1ukf.pdb   55   67   graft_bb   graft_sc   @   HHHHxx|hh.***********.hh|xxHH   &   ????|???***********???|??
#
### 1ukf.m1.c173.d1
# NOTICE -- Ab-epitope interaction versus epitope-scaffold was optimized before closure
# NOTICE -- closure was performed with Ab
# NOTICE -- this design succeeded refinement with Ab after design.  QC will be of REFINED designed structure.
#
#   epitope native range = [18, 21]   new range = [14, 17]
#      Closed  :   1 | 1 range = [8, 14]   cut = 10   moveable = [ 8 9 10 11 12 13 ]   cutpoint_weight = 1   chainbreak_score = 0.327966   total_rama_moveable = 2.42593   inactive_moveable = [ ]
#      Designed:   1 | 0 range = [8, 14]   cut = 10   moveable = [ 8 9 10 11 12 13 ]   cutpoint_weight = 1   chainbreak_score = 0.453183   total_rama_moveable = 18.8522   inactive_moveable = [ ]
#      Refined :   1 | 0 range = [8, 14]   cut = 10   moveable = [ 8 9 10 11 12 13 ]   cutpoint_weight = 1   chainbreak_score = 0.453183   total_rama_moveable = 18.8522   inactive_moveable = [ ]
#
#         Rama per residue:
#         ss res    Closed       Designed     Refined  
#         L    8    0.880        0.609        0.609    
#         L    9    0.461        0.461        0.461    
#         L   10    0.935        18.855       18.855   
#         L   11    0.037        -0.146       -0.146   
#         L   12    -0.440       -1.087       -1.087   
#         L   13    0.553        0.159        0.159    
#      Closed  :   1 | 1 range = [17, 30]   cut = 27   moveable = [ 18 19 20 21 22 23 24 25 26 27 28 29 30 ]   cutpoint_weight = 1   chainbreak_score = 0.715818   total_rama_moveable = -5.08716   inactive_moveable = [ ]
#      Designed:   1 | 1 range = [17, 30]   cut = 27   moveable = [ 18 19 20 21 22 23 24 25 26 27 28 29 30 ]   cutpoint_weight = 1   chainbreak_score = 0.92322   total_rama_moveable = -10.8038   inactive_moveable = [ ]
#      Refined :   1 | 1 range = [17, 30]   cut = 27   moveable = [ 18 19 20 21 22 23 24 25 26 27 28 29 30 ]   cutpoint_weight = 1   chainbreak_score = 0.92322   total_rama_moveable = -10.8038   inactive_moveable = [ ]
#
#         Rama per residue:
#         ss res    Closed       Designed     Refined  
#         L   18    0.114        0.114        0.114    
#         L   19    -0.126       -1.318       -1.318   
#         L   20    -1.764       -1.764       -1.764   
#         L   21    0.247        -0.567       -0.567   
#         L   22    -0.152       -1.166       -1.166   
#         L   23    0.342        -1.146       -1.146   
#         L   24    -1.740       -1.297       -1.297   
#         L   25    -1.152       -1.110       -1.110   
#         L   26    -1.130       -0.525       -0.525   
#         L   27    -0.182       -0.950       -0.950   
#         L   28    0.646        -0.549       -0.549   
#         L   29    0.133        0.133        0.133    
#         L   30    -0.325       -0.658       -0.658   
#
#   epitope native range = [41, 53]   new range = [54, 66]
#      Closed  :   1 | 1 range = [48, 55]   cut = 51   moveable = [ 48 49 50 51 52 53 54 ]   cutpoint_weight = 1   chainbreak_score = 0.594563   total_rama_moveable = -4.77934   inactive_moveable = [ ]
#      Designed:   1 | 1 range = [48, 55]   cut = 51   moveable = [ 48 49 50 51 52 53 54 ]   cutpoint_weight = 1   chainbreak_score = 0.594316   total_rama_moveable = -4.52162   inactive_moveable = [ ]
#      Refined :   1 | 1 range = [48, 55]   cut = 51   moveable = [ 48 49 50 51 52 53 54 ]   cutpoint_weight = 1   chainbreak_score = 0.594316   total_rama_moveable = -4.52162   inactive_moveable = [ ]
#
#         Rama per residue:
#         ss res    Closed       Designed     Refined  
#         H   48    -0.394       -0.838       -0.838   
#         H   49    -1.004       -1.211       -1.211   
#         H   50    0.454        0.454        0.454    
#         H   51    -0.668       -0.668       -0.668   
#         H   52    -0.868       -0.868       -0.868   
#         H   53    -1.038       -0.786       -0.786   
#         H   54    -1.261       -0.605       -0.605   
#      Closed  :   1 | 1 range = [65, 70]   cut = 68   moveable = [ 66 67 68 69 70 ]   cutpoint_weight = 1   chainbreak_score = 0.888327   total_rama_moveable = -0.113312   inactive_moveable = [ ]
#      Designed:   1 | 0 range = [65, 70]   cut = 68   moveable = [ 66 67 68 69 70 ]   cutpoint_weight = 1   chainbreak_score = 1.19898   total_rama_moveable = -2.54616   inactive_moveable = [ ]
#      Refined :   1 | 0 range = [65, 70]   cut = 68   moveable = [ 66 67 68 69 70 ]   cutpoint_weight = 1   chainbreak_score = 1.19898   total_rama_moveable = -2.54616   inactive_moveable = [ ]
#
#         Rama per residue:
#         ss res    Closed       Designed     Refined  
#         H   66    -0.325       0.649        0.649    
#         H   67    0.304        -1.329       -1.329   
#         H   68    -0.140       -0.140       -0.140   
#         H   69    -0.152       -0.813       -0.813   
#         H   70    0.199        -0.913       -0.913   
#
# * Design Positions
#
# Epitope positions:
#    18  ->  14  VAL
#    19  ->  15  ASP
#    20  ->  16  GLY
#    21  ->  17  TRP
#    41  ->  54  THR
#    42  ->  55  GLN
#    43  ->  56  ASN
#    44  ->  57  ALA
#    45  ->  58  ILE
#    46  ->  59  ASP
#    47  ->  60  GLU
#    48  ->  61  ILE
#    49  ->  62  THR
#    50  ->  63  ASN
#    51  ->  64  LYS
#    52  ->  65  VAL
#    53  ->  66  ASN
#
# Intra design positions
#    8  ALA  ->  SER
#    9  SER  ->  GLY
#    10  ARG  ->  ARG
#    11  ALA  ->  THR
#    12  ALA  ->  THR
#    13  ALA  ->  SER
#    18  ALA  ->  ALA
#    19  ALA  ->  SER
#    20  ALA  ->  GLY
#    21  ALA  ->  THR
#    22  ALA  ->  SER
#    23  ALA  ->  ASN
#    24  ALA  ->  ARG
#    25  ALA  ->  ARG
#    26  ALA  ->  ASN
#    27  ALA  ->  ASN
#    28  SER  ->  ARG
#    29  SER  ->  GLY
#    30  ASP  ->  ASP
#    33  ALA  ->  ALA
#    34  GLU  ->  ASP
#    36  ARG  ->  ARG
#    37  MET  ->  GLY
#    38  ASP  ->  LYS
#    39  HIS  ->  PHE
#    40  LEU  ->  SER
#    41  ASP  ->  SER
#    42  TYR  ->  ASP
#    46  GLY  ->  GLY
#    47  GLN  ->  ARG
#    48  SER  ->  GLU
#    49  ARG  ->  GLU
#    50  GLY  ->  GLY
#    53  ALA  ->  SER
#    67  ALA  ->  GLU
#    68  ALA  ->  GLY
#    69  ASP  ->  HIS
#    70  GLU  ->  ASP
#    71  ALA  ->  HIS
#    75  THR  ->  GLY
#    76  ALA  ->  GLY
#    79  ALA  ->  GLY
#    80  VAL  ->  GLU
#    84  ALA  ->  SER
#    131  HIS  ->  HIS
#    134  ALA  ->  SER
#    138  GLU  ->  ASP
#    143  LYS  ->  LYS
#    145  PHE  ->  VAL
#    148  ASN  ->  SER
#    151  GLU  ->  GLU
#
# Inter design positions:
#    51  SER  ->  ALA
#    52  ALA  ->  ALA
#    83  ASP  ->  ALA
#
#                              es_only       total       ddG
# * Designed ES          :    1612.414    2419.219     -13.301
# * Refined ES (with Ab) :    1612.414    2419.219     -13.301
#
# * Stability Scores
#
# Score12_WT_scaffold = -309.038
#
