##### 1ukf.pdb  match  1
#####       1ukf.pdb           2             S            55          67                    41                  53                      -                      -                      -                      -                      -                      -                      -                      -      -0.22960830      -0.34522384       0.91000032       0.59751576      -0.78804392      -0.14819451       0.76828051       0.50971282       0.38721803        5.77339172        5.64804840       -8.80887413           0.268              0.251              0.154               0.021        5260.790         112.375         4.319         2.084                  -1                 0                      
#####              *           1             -            14          18                    18                  21                      -                      -                      -                      -                      -                      -                      -                      -                -                -                -                -                -                -                -                -                -                 -                 -                 -             inf              2.049              2.069                 inf         119.059               -        35.862        32.494                  -1                 0                      
#### 1ukf.pdb   14   18   graft_bb   graft_sc   @   LLLhhl|LLLLleeeeellll|xxxxxxxxxxLLL   &   ...???|....??????????|???
#### 1ukf.pdb   55   67   graft_bb   graft_sc   @   LLLLLLLxx|hhhHHHHHHHHHHHHH|hhhhLLL   &   ???????|??..............|????...
#
### 1ukf.m1.c57.d3
# NOTICE -- Ab-epitope interaction versus epitope-scaffold was optimized before closure
# NOTICE -- closure was performed with Ab
# NOTICE -- this design succeeded refinement with Ab after design.  QC will be of REFINED designed structure.
#
#   epitope native range = [18, 21]   new range = [17, 20]
#      Closed  :   1 | 1 range = [11, 18]   cut = 16   moveable = [ 11 12 13 14 15 16 17 ]   cutpoint_weight = 1   chainbreak_score = 4.76089   total_rama_moveable = 3.12158   inactive_moveable = [ ]
#      Designed:   1 | 1 range = [11, 18]   cut = 16   moveable = [ 11 12 13 14 15 16 17 ]   cutpoint_weight = 1   chainbreak_score = 4.73031   total_rama_moveable = 1.87711   inactive_moveable = [ ]
#      Refined :   1 | 1 range = [11, 18]   cut = 16   moveable = [ 11 12 13 14 15 16 17 ]   cutpoint_weight = 1   chainbreak_score = 4.73031   total_rama_moveable = 1.87711   inactive_moveable = [ ]
#
#         Rama per residue:
#         ss res    Closed       Designed     Refined  
#         L   11    3.147        0.788        0.788    
#         L   12    -0.615       0.954        0.954    
#         L   13    1.863        1.768        1.768    
#         H   14    -1.366       -0.467       -0.467   
#         H   15    0.260        -0.970       -0.970   
#         L   16    0.978        0.978        0.978    
#         L   17    -1.146       -1.175       -1.175   
#      Closed  :   1 | 1 range = [18, 33]   cut = 30   moveable = [ 19 20 21 22 23 24 25 26 27 28 29 30 31 32 33 ]   cutpoint_weight = 1   chainbreak_score = 0.0971666   total_rama_moveable = 20.1088   inactive_moveable = [ ]
#      Designed:   1 | 1 range = [18, 33]   cut = 30   moveable = [ 19 20 21 22 23 24 25 26 27 28 29 30 31 32 33 ]   cutpoint_weight = 1   chainbreak_score = 0.287274   total_rama_moveable = -4.29905   inactive_moveable = [ ]
#      Refined :   1 | 1 range = [18, 33]   cut = 30   moveable = [ 19 20 21 22 23 24 25 26 27 28 29 30 31 32 33 ]   cutpoint_weight = 1   chainbreak_score = 0.287274   total_rama_moveable = -4.29905   inactive_moveable = [ ]
#
#         Rama per residue:
#         ss res    Closed       Designed     Refined  
#         L   19    1.091        1.091        1.091    
#         L   20    3.254        1.905        1.905    
#         L   21    1.856        -0.550       -0.550   
#         E   22    0.511        -0.534       -0.534   
#         E   23    3.117        -0.631       -0.631   
#         E   24    2.644        -0.930       -0.930   
#         E   25    4.194        -0.785       -0.785   
#         E   26    3.001        -0.716       -0.716   
#         L   27    -0.418       -0.270       -0.270   
#         L   28    -1.278       -0.779       -0.779   
#         L   29    0.570        -1.228       -1.228   
#         L   30    0.529        -1.268       -1.268   
#         L   31    1.397        1.397        1.397    
#         L   32    0.048        0.267        0.267    
#         L   33    -0.406       -1.268       -1.268   
#
#   epitope native range = [41, 53]   new range = [58, 70]
#      Closed  :   1 | 1 range = [48, 58]   cut = 54   moveable = [ 48 49 50 51 52 53 54 55 56 57 ]   cutpoint_weight = 1   chainbreak_score = 2.30844   total_rama_moveable = 3.96352   inactive_moveable = [ ]
#      Designed:   1 | 1 range = [48, 58]   cut = 54   moveable = [ 48 49 50 51 52 53 54 55 56 57 ]   cutpoint_weight = 1   chainbreak_score = 3.061   total_rama_moveable = -2.77241   inactive_moveable = [ ]
#      Refined :   1 | 1 range = [48, 58]   cut = 54   moveable = [ 48 49 50 51 52 53 54 55 56 57 ]   cutpoint_weight = 1   chainbreak_score = 3.061   total_rama_moveable = -2.77241   inactive_moveable = [ ]
#
#         Rama per residue:
#         ss res    Closed       Designed     Refined  
#         L   48    -0.301       0.740        0.740    
#         L   49    -0.136       -0.916       -0.916   
#         L   50    1.074        -0.659       -0.659   
#         L   51    0.729        -0.343       -0.343   
#         L   52    0.250        -0.125       -0.125   
#         L   53    -0.043       -1.174       -1.174   
#         L   54    1.523        0.114        0.114    
#         H   55    0.176        -1.102       -1.102   
#         H   56    0.922        0.922        0.922    
#         H   57    -0.230       -0.230       -0.230   
#      Closed  :   1 | 1 range = [70, 77]   cut = 70   moveable = [ 71 72 73 74 75 76 77 ]   cutpoint_weight = 1   chainbreak_score = 3.23226   total_rama_moveable = 5.67647   inactive_moveable = [ ]
#      Designed:   1 | 1 range = [70, 77]   cut = 70   moveable = [ 71 72 73 74 75 76 77 ]   cutpoint_weight = 1   chainbreak_score = 3.25509   total_rama_moveable = 1.90423   inactive_moveable = [ ]
#      Refined :   1 | 1 range = [70, 77]   cut = 70   moveable = [ 71 72 73 74 75 76 77 ]   cutpoint_weight = 1   chainbreak_score = 3.25509   total_rama_moveable = 1.90423   inactive_moveable = [ ]
#
#         Rama per residue:
#         ss res    Closed       Designed     Refined  
#         H   71    0.334        0.334        0.334    
#         H   72    1.645        1.645        1.645    
#         H   73    -0.217       -0.336       -0.336   
#         H   74    0.302        -0.307       -0.307   
#         L   75    0.760        -0.804       -0.804   
#         L   76    -0.042       -0.497       -0.497   
#         L   77    2.894        1.869        1.869    
#
# * Design Positions
#
# Epitope positions:
#    18  ->  17  VAL
#    19  ->  18  ASP
#    20  ->  19  GLY
#    21  ->  20  TRP
#    41  ->  58  THR
#    42  ->  59  GLN
#    43  ->  60  ASN
#    44  ->  61  ALA
#    45  ->  62  ILE
#    46  ->  63  ASP
#    47  ->  64  GLU
#    48  ->  65  ILE
#    49  ->  66  THR
#    50  ->  67  ASN
#    51  ->  68  LYS
#    52  ->  69  VAL
#    53  ->  70  ASN
#
# Intra design positions
#    10  ARG  ->  ARG
#    11  ASP  ->  ASP
#    12  VAL  ->  VAL
#    13  ASN  ->  ASN
#    14  ALA  ->  ASN
#    15  ALA  ->  GLN
#    16  ALA  ->  GLY
#    21  ALA  ->  TYR
#    22  ALA  ->  ARG
#    23  ALA  ->  PHE
#    24  ALA  ->  LEU
#    25  ALA  ->  VAL
#    26  ALA  ->  PHE
#    27  ALA  ->  PRO
#    28  ALA  ->  ASP
#    29  ALA  ->  LEU
#    30  ALA  ->  PRO
#    31  SER  ->  GLY
#    32  SER  ->  ASP
#    33  ASP  ->  ASP
#    39  ARG  ->  ARG
#    40  MET  ->  MET
#    42  HIS  ->  LEU
#    43  LEU  ->  LEU
#    45  TYR  ->  ASP
#    48  GLU  ->  SER
#    49  GLY  ->  LEU
#    50  GLN  ->  THR
#    51  SER  ->  LEU
#    53  GLY  ->  ARG
#    54  SER  ->  LEU
#    57  ALA  ->  ALA
#    71  ALA  ->  GLY
#    72  ALA  ->  GLY
#    73  ALA  ->  GLN
#    74  ALA  ->  ASN
#    75  ASN  ->  ASN
#    76  ASP  ->  ASP
#    77  ASP  ->  ASP
#    79  ALA  ->  HIS
#    83  THR  ->  GLY
#    84  ALA  ->  GLY
#    87  ALA  ->  GLY
#    88  VAL  ->  ALA
#    92  ALA  ->  GLN
#    139  HIS  ->  HIS
#    142  ALA  ->  MET
#    146  GLU  ->  ASP
#    151  LYS  ->  LYS
#    153  PHE  ->  VAL
#    156  ASN  ->  ASN
#    159  GLU  ->  GLU
#
# Inter design positions:
#    52  ARG  ->  SER
#    55  ALA  ->  SER
#    56  ALA  ->  GLY
#    91  ASP  ->  ALA
#
#                              es_only       total       ddG
# * Designed ES          :     280.262    1095.740     -14.131
# * Refined ES (with Ab) :     280.262    1095.740     -14.131
#
# * Stability Scores
#
# Score12_WT_scaffold = -309.038
#
