##### 1ukf.pdb  match  1
#####       1ukf.pdb           2             S            55          67                    41                  53                      -                      -                      -                      -                      -                      -                      -                      -      -0.22960830      -0.34522384       0.91000032       0.59751576      -0.78804392      -0.14819451       0.76828051       0.50971282       0.38721803        5.77339172        5.64804840       -8.80887413           0.268              0.251              0.154               0.021        5260.790          84.395         4.319         2.084                  -1                 0                      
#####              *           1             -            14          18                    18                  21                      -                      -                      -                      -                      -                      -                      -                      -                -                -                -                -                -                -                -                -                -                 -                 -                 -             inf              2.049              2.069                 inf         119.059               -        35.862        32.494                  -1                 0                      
#### 1ukf.pdb   14   18   graft_bb   graft_sc   @   LLLxxx|lll.**.eeeeeeeeee|xxxxxxxxxxDDD   &   ???|????**???????????|ddd
#### 1ukf.pdb   55   67   graft_bb   graft_sc   @   EHHHxxx|hhh.***********.hhh|xxxHHHL   &   ????|????***********????|????
#
### 1ukf.m1.c189.d1
# NOTICE -- Ab-epitope interaction versus epitope-scaffold was optimized before closure
# NOTICE -- closure was performed with Ab
# NOTICE -- this design succeeded refinement with Ab after design.  QC will be of REFINED designed structure.
#
#   epitope native range = [18, 21]   new range = [14, 17]
#      Closed  :   1 | 1 range = [8, 15]   cut = 10   moveable = [ 8 9 10 11 12 13 14 ]   cutpoint_weight = 1   chainbreak_score = 2.85236   total_rama_moveable = 3.97926   inactive_moveable = [ ]
#      Designed:   1 | 0 range = [8, 15]   cut = 10   moveable = [ 8 9 10 11 12 13 14 ]   cutpoint_weight = 1   chainbreak_score = 4.52448   total_rama_moveable = 6.69767   inactive_moveable = [ ]
#      Refined :   1 | 0 range = [8, 15]   cut = 10   moveable = [ 8 9 10 11 12 13 14 ]   cutpoint_weight = 1   chainbreak_score = 4.52448   total_rama_moveable = 6.69767   inactive_moveable = [ ]
#
#         Rama per residue:
#         ss res    Closed       Designed     Refined  
#         L    8    1.332        1.332        1.332    
#         L    9    -1.092       -1.219       -1.219   
#         L   10    -0.388       0.562        0.562    
#         L   11    1.133        -0.252       -0.252   
#         L   12    1.206        1.206        1.206    
#         L   13    0.429        -0.312       -0.312   
#         L   14    1.359        5.380        5.380    
#      Closed  :   1 | 1 range = [16, 30]   cut = 27   moveable = [ 17 18 19 20 21 22 23 24 25 26 27 28 29 30 ]   cutpoint_weight = 1   chainbreak_score = 0.132177   total_rama_moveable = 21.5889   inactive_moveable = [ ]
#      Designed:   1 | 1 range = [16, 30]   cut = 27   moveable = [ 17 18 19 20 21 22 23 24 25 26 27 28 29 30 ]   cutpoint_weight = 1   chainbreak_score = 0.159383   total_rama_moveable = 4.28714   inactive_moveable = [ ]
#      Refined :   1 | 1 range = [16, 30]   cut = 27   moveable = [ 17 18 19 20 21 22 23 24 25 26 27 28 29 30 ]   cutpoint_weight = 1   chainbreak_score = 0.159383   total_rama_moveable = 4.28714   inactive_moveable = [ ]
#
#         Rama per residue:
#         ss res    Closed       Designed     Refined  
#         H   17    0.457        0.357        0.357    
#         E   18    4.230        -0.343       -0.343   
#         E   19    0.771        0.771        0.771    
#         E   20    0.702        0.702        0.702    
#         E   21    1.559        -0.377       -0.377   
#         E   22    -0.169       -0.169       -0.169   
#         E   23    0.789        3.227        3.227    
#         E   24    3.416        -0.536       -0.536   
#         E   25    1.544        1.544        1.544    
#         E   26    2.847        -0.634       -0.634   
#         E   27    -0.733       -1.219       -1.219   
#         L   28    3.251        0.791        0.791    
#         L   29    0.116        0.116        0.116    
#         H   30    2.809        0.058        0.058    
#
#   epitope native range = [41, 53]   new range = [54, 66]
#      Closed  :   1 | 1 range = [47, 55]   cut = 50   moveable = [ 47 48 49 50 51 52 53 54 ]   cutpoint_weight = 1   chainbreak_score = 4.48239   total_rama_moveable = -2.70216   inactive_moveable = [ ]
#      Designed:   1 | 0 range = [47, 55]   cut = 50   moveable = [ 47 48 49 50 51 52 53 54 ]   cutpoint_weight = 1   chainbreak_score = 6.022   total_rama_moveable = -4.82278   inactive_moveable = [ ]
#      Refined :   1 | 0 range = [47, 55]   cut = 50   moveable = [ 47 48 49 50 51 52 53 54 ]   cutpoint_weight = 1   chainbreak_score = 6.022   total_rama_moveable = -4.82278   inactive_moveable = [ ]
#
#         Rama per residue:
#         ss res    Closed       Designed     Refined  
#         E   47    -0.299       -0.492       -0.492   
#         H   48    -1.120       -1.289       -1.289   
#         H   49    -0.746       -0.836       -0.836   
#         H   50    0.861        -0.503       -0.503   
#         H   51    0.228        -1.233       -1.233   
#         H   52    -0.242       -0.242       -0.242   
#         H   53    -0.526       -0.101       -0.101   
#         H   54    -0.858       -0.127       -0.127   
#      Closed  :   1 | 1 range = [65, 73]   cut = 69   moveable = [ 66 67 68 69 70 71 72 73 ]   cutpoint_weight = 1   chainbreak_score = 4.05543   total_rama_moveable = 6.19086   inactive_moveable = [ ]
#      Designed:   1 | 0 range = [65, 73]   cut = 69   moveable = [ 66 67 68 69 70 71 72 73 ]   cutpoint_weight = 1   chainbreak_score = 5.24495   total_rama_moveable = 1.9596   inactive_moveable = [ ]
#      Refined :   1 | 0 range = [65, 73]   cut = 69   moveable = [ 66 67 68 69 70 71 72 73 ]   cutpoint_weight = 1   chainbreak_score = 5.24495   total_rama_moveable = 1.9596   inactive_moveable = [ ]
#
#         Rama per residue:
#         ss res    Closed       Designed     Refined  
#         H   66    -0.175       0.840        0.840    
#         H   67    1.638        -0.220       -0.220   
#         H   68    2.584        2.130        2.130    
#         H   69    0.726        -0.201       -0.201   
#         H   70    -0.801       -0.801       -0.801   
#         H   71    -0.098       -1.101       -1.101   
#         H   72    0.995        -0.011       -0.011   
#         L   73    1.323        1.323        1.323    
#
# * Design Positions
#
# Epitope positions:
#    18  ->  14  VAL
#    19  ->  15  ASP
#    20  ->  16  GLY
#    21  ->  17  TRP
#    41  ->  54  THR
#    42  ->  55  GLN
#    43  ->  56  ASN
#    44  ->  57  ALA
#    45  ->  58  ILE
#    46  ->  59  ASP
#    47  ->  60  GLU
#    48  ->  61  ILE
#    49  ->  62  THR
#    50  ->  63  ASN
#    51  ->  64  LYS
#    52  ->  65  VAL
#    53  ->  66  ASN
#
# Intra design positions
#    8  ALA  ->  ALA
#    9  SER  ->  SER
#    10  ARG  ->  TYR
#    11  ALA  ->  THR
#    12  ALA  ->  GLY
#    13  ALA  ->  SER
#    18  ALA  ->  HIS
#    19  ALA  ->  GLY
#    20  ALA  ->  GLY
#    21  ALA  ->  HIS
#    22  ALA  ->  GLY
#    23  ALA  ->  PHE
#    24  ALA  ->  GLN
#    25  ALA  ->  GLY
#    26  ALA  ->  LEU
#    27  ALA  ->  ASN
#    28  SER  ->  THR
#    29  SER  ->  GLY
#    30  ASP  ->  ASP
#    33  ALA  ->  ALA
#    34  GLU  ->  LEU
#    36  ARG  ->  ARG
#    37  MET  ->  ALA
#    38  ASP  ->  ARG
#    39  HIS  ->  PHE
#    40  LEU  ->  GLY
#    41  ASP  ->  SER
#    42  TYR  ->  ASP
#    46  GLY  ->  GLY
#    47  GLN  ->  ARG
#    48  SER  ->  GLU
#    49  ARG  ->  ARG
#    50  GLY  ->  ALA
#    53  ALA  ->  ILE
#    67  ALA  ->  GLU
#    68  ALA  ->  ASP
#    69  ALA  ->  ASP
#    70  GLU  ->  GLY
#    71  ALA  ->  LYS
#    72  PRO  ->  ASP
#    73  PHE  ->  GLY
#    75  THR  ->  PHE
#    76  ALA  ->  GLY
#    79  ALA  ->  GLY
#    80  VAL  ->  ALA
#    84  ALA  ->  LEU
#    131  HIS  ->  HIS
#    134  ALA  ->  SER
#    138  GLU  ->  ASP
#    143  LYS  ->  ARG
#    145  PHE  ->  HIS
#    148  ASN  ->  ASN
#    151  GLU  ->  GLU
#
# Inter design positions:
#    51  ALA  ->  ALA
#    52  ALA  ->  ALA
#    83  ASP  ->  ALA
#
#                              es_only       total       ddG
# * Designed ES          :    -246.276     564.353     -10.445
# * Refined ES (with Ab) :    -246.276     564.353     -10.445
#
# * Stability Scores
#
# Score12_WT_scaffold = -309.038
#
