##### 1ukf.pdb  match  1
#####       1ukf.pdb           2             S            55          67                    41                  53                      -                      -                      -                      -                      -                      -                      -                      -      -0.22960830      -0.34522384       0.91000032       0.59751576      -0.78804392      -0.14819451       0.76828051       0.50971282       0.38721803        5.77339172        5.64804840       -8.80887413           0.268              0.251              0.154               0.021        5260.790         112.375         4.319         2.084                  -1                 0                      
#####              *           1             -            14          18                    18                  21                      -                      -                      -                      -                      -                      -                      -                      -                -                -                -                -                -                -                -                -                -                 -                 -                 -             inf              2.049              2.069                 inf         119.059               -        35.862        32.494                  -1                 0                      
#### 1ukf.pdb   14   18   graft_bb   graft_sc   @   LLLxxx|lll****llllllllll|xxxxxxxxxxLLL   &   ??.|????****?????????|???
#### 1ukf.pdb   55   67   graft_bb   graft_sc   @   HHHHxx|hh.***********.hh|xxHH   &   ????|???***********???|??
#
### 1ukf.m1.c39.d1
# NOTICE -- Ab-epitope interaction versus epitope-scaffold was optimized before closure
# NOTICE -- closure was performed with Ab
# NOTICE -- this design succeeded refinement with Ab after design.  QC will be of REFINED designed structure.
#
#   epitope native range = [18, 21]   new range = [14, 17]
#      Closed  :   1 | 1 range = [8, 14]   cut = 10   moveable = [ 8 9 10 11 12 13 ]   cutpoint_weight = 1   chainbreak_score = 0.323214   total_rama_moveable = 2.13843   inactive_moveable = [ ]
#      Designed:   1 | 1 range = [8, 14]   cut = 10   moveable = [ 8 9 10 11 12 13 ]   cutpoint_weight = 1   chainbreak_score = 0.494054   total_rama_moveable = -1.88266   inactive_moveable = [ ]
#      Refined :   1 | 1 range = [8, 14]   cut = 10   moveable = [ 8 9 10 11 12 13 ]   cutpoint_weight = 1   chainbreak_score = 0.494054   total_rama_moveable = -1.88266   inactive_moveable = [ ]
#
#         Rama per residue:
#         ss res    Closed       Designed     Refined  
#         L    8    -0.030       -0.030       -0.030   
#         L    9    0.534        -0.816       -0.816   
#         L   10    0.880        0.735        0.735    
#         L   11    -0.125       0.091        0.091    
#         L   12    0.687        -1.273       -1.273   
#         L   13    0.193        -0.589       -0.589   
#      Closed  :   1 | 1 range = [17, 30]   cut = 27   moveable = [ 18 19 20 21 22 23 24 25 26 27 28 29 30 ]   cutpoint_weight = 1   chainbreak_score = 0.103037   total_rama_moveable = -0.0563868   inactive_moveable = [ ]
#      Designed:   1 | 1 range = [17, 30]   cut = 27   moveable = [ 18 19 20 21 22 23 24 25 26 27 28 29 30 ]   cutpoint_weight = 1   chainbreak_score = 0.116985   total_rama_moveable = -11.0741   inactive_moveable = [ ]
#      Refined :   1 | 1 range = [17, 30]   cut = 27   moveable = [ 18 19 20 21 22 23 24 25 26 27 28 29 30 ]   cutpoint_weight = 1   chainbreak_score = 0.116985   total_rama_moveable = -11.0741   inactive_moveable = [ ]
#
#         Rama per residue:
#         ss res    Closed       Designed     Refined  
#         L   18    -1.318       0.893        0.893    
#         L   19    0.419        -0.870       -0.870   
#         L   20    0.151        -1.636       -1.636   
#         L   21    0.347        -0.991       -0.991   
#         L   22    -0.074       -1.253       -1.253   
#         L   23    -0.139       -0.956       -0.956   
#         L   24    -0.009       -1.603       -1.603   
#         L   25    -0.704       -1.305       -1.305   
#         L   26    0.026        0.026        0.026    
#         L   27    -0.226       -0.226       -0.226   
#         L   28    0.716        -0.884       -0.884   
#         L   29    0.679        -1.127       -1.127   
#         L   30    0.075        -1.142       -1.142   
#
#   epitope native range = [41, 53]   new range = [54, 66]
#      Closed  :   1 | 1 range = [48, 55]   cut = 51   moveable = [ 48 49 50 51 52 53 54 ]   cutpoint_weight = 1   chainbreak_score = 0.625685   total_rama_moveable = -1.57447   inactive_moveable = [ ]
#      Designed:   1 | 1 range = [48, 55]   cut = 51   moveable = [ 48 49 50 51 52 53 54 ]   cutpoint_weight = 1   chainbreak_score = 0.74679   total_rama_moveable = -3.35828   inactive_moveable = [ ]
#      Refined :   1 | 1 range = [48, 55]   cut = 51   moveable = [ 48 49 50 51 52 53 54 ]   cutpoint_weight = 1   chainbreak_score = 0.74679   total_rama_moveable = -3.35828   inactive_moveable = [ ]
#
#         Rama per residue:
#         ss res    Closed       Designed     Refined  
#         H   48    -0.409       -0.828       -0.828   
#         H   49    -0.993       -0.824       -0.824   
#         H   50    0.369        0.369        0.369    
#         H   51    0.320        -1.087       -1.087   
#         H   52    -1.066       -1.066       -1.066   
#         H   53    0.621        -0.308       -0.308   
#         H   54    -0.416       0.386        0.386    
#      Closed  :   1 | 1 range = [65, 70]   cut = 68   moveable = [ 66 67 68 69 70 ]   cutpoint_weight = 1   chainbreak_score = 0.404628   total_rama_moveable = -0.448125   inactive_moveable = [ ]
#      Designed:   1 | 1 range = [65, 70]   cut = 68   moveable = [ 66 67 68 69 70 ]   cutpoint_weight = 1   chainbreak_score = 0.447769   total_rama_moveable = -1.27975   inactive_moveable = [ ]
#      Refined :   1 | 1 range = [65, 70]   cut = 68   moveable = [ 66 67 68 69 70 ]   cutpoint_weight = 1   chainbreak_score = 0.447769   total_rama_moveable = -1.27975   inactive_moveable = [ ]
#
#         Rama per residue:
#         ss res    Closed       Designed     Refined  
#         H   66    -0.582       0.407        0.407    
#         H   67    0.004        -0.608       -0.608   
#         H   68    0.096        0.096        0.096    
#         H   69    -0.459       -0.183       -0.183   
#         H   70    0.492        -0.992       -0.992   
#
# * Design Positions
#
# Epitope positions:
#    18  ->  14  VAL
#    19  ->  15  ASP
#    20  ->  16  GLY
#    21  ->  17  TRP
#    41  ->  54  THR
#    42  ->  55  GLN
#    43  ->  56  ASN
#    44  ->  57  ALA
#    45  ->  58  ILE
#    46  ->  59  ASP
#    47  ->  60  GLU
#    48  ->  61  ILE
#    49  ->  62  THR
#    50  ->  63  ASN
#    51  ->  64  LYS
#    52  ->  65  VAL
#    53  ->  66  ASN
#
# Intra design positions
#    8  ALA  ->  ALA
#    9  SER  ->  THR
#    10  ARG  ->  ARG
#    11  ALA  ->  ASP
#    12  ALA  ->  LEU
#    13  ALA  ->  ARG
#    18  ALA  ->  ALA
#    19  ALA  ->  ASP
#    20  ALA  ->  ALA
#    21  ALA  ->  PRO
#    22  ALA  ->  GLU
#    23  ALA  ->  THR
#    24  ALA  ->  ALA
#    25  ALA  ->  ASN
#    26  ALA  ->  GLY
#    27  ALA  ->  GLY
#    28  SER  ->  LEU
#    29  SER  ->  PRO
#    30  ASP  ->  ASP
#    33  ALA  ->  ALA
#    34  GLU  ->  TRP
#    36  ARG  ->  ARG
#    37  MET  ->  GLY
#    38  ASP  ->  LYS
#    39  HIS  ->  PHE
#    40  LEU  ->  GLY
#    41  ASP  ->  SER
#    42  TYR  ->  ARG
#    46  GLY  ->  GLY
#    47  GLN  ->  GLU
#    48  SER  ->  GLU
#    49  ARG  ->  GLN
#    50  GLY  ->  GLY
#    53  ALA  ->  PHE
#    67  ALA  ->  ASN
#    68  ALA  ->  GLY
#    69  ASP  ->  HIS
#    70  GLU  ->  GLU
#    71  ALA  ->  HIS
#    75  THR  ->  GLY
#    76  ALA  ->  GLY
#    79  ALA  ->  GLY
#    80  VAL  ->  VAL
#    84  ALA  ->  GLY
#    86  PHE  ->  ALA
#    120  LEU  ->  LEU
#    131  HIS  ->  HIS
#    132  ALA  ->  TRP
#    134  ALA  ->  SER
#    138  GLU  ->  ASP
#    143  LYS  ->  LYS
#    145  PHE  ->  TYR
#    148  ASN  ->  SER
#    151  GLU  ->  GLU
#    187  VAL  ->  THR
#
# Inter design positions:
#    51  SER  ->  ALA
#    52  ALA  ->  ALA
#    83  ASP  ->  ALA
#
#                              es_only       total       ddG
# * Designed ES          :     705.473    1511.263     -15.019
# * Refined ES (with Ab) :     705.473    1511.263     -15.019
#
# * Stability Scores
#
# Score12_WT_scaffold = -308.912
#
