##### 1ukf.pdb  match  1
#####       1ukf.pdb           2             S            55          67                    41                  53                      -                      -                      -                      -                      -                      -                      -                      -      -0.22960830      -0.34522384       0.91000032       0.59751576      -0.78804392      -0.14819451       0.76828051       0.50971282       0.38721803        5.77339172        5.64804840       -8.80887413           0.268              0.251              0.154               0.021        5260.790         112.375         4.319         2.084                  -1                 0                      
#####              *           1             -            14          18                    18                  21                      -                      -                      -                      -                      -                      -                      -                      -                -                -                -                -                -                -                -                -                -                 -                 -                 -             inf              2.049              2.069                 inf         119.059               -        35.862        32.494                  -1                 0                      
#### 1ukf.pdb   14   18   graft_bb   graft_sc   @   LLLxxx|lll****llllllllll|xxxxxxxxxxLLL   &   ??.|????****?????????|???
#### 1ukf.pdb   55   67   graft_bb   graft_sc   @   HHHHxx|hh.***********.hh|xxHH   &   ????|???***********???|??
#
### 1ukf.m1.c56.d1
# NOTICE -- Ab-epitope interaction versus epitope-scaffold was optimized before closure
# NOTICE -- closure was performed with Ab
# NOTICE -- this design succeeded refinement with Ab after design.  QC will be of REFINED designed structure.
#
#   epitope native range = [18, 21]   new range = [14, 17]
#      Closed  :   1 | 1 range = [8, 14]   cut = 10   moveable = [ 8 9 10 11 12 13 ]   cutpoint_weight = 1   chainbreak_score = 0.949417   total_rama_moveable = 2.43035   inactive_moveable = [ ]
#      Designed:   1 | 0 range = [8, 14]   cut = 10   moveable = [ 8 9 10 11 12 13 ]   cutpoint_weight = 1   chainbreak_score = 1.29695   total_rama_moveable = -1.05681   inactive_moveable = [ ]
#      Refined :   1 | 0 range = [8, 14]   cut = 10   moveable = [ 8 9 10 11 12 13 ]   cutpoint_weight = 1   chainbreak_score = 1.29695   total_rama_moveable = -1.05681   inactive_moveable = [ ]
#
#         Rama per residue:
#         ss res    Closed       Designed     Refined  
#         L    8    0.981        0.981        0.981    
#         L    9    0.051        -0.997       -0.997   
#         L   10    0.903        0.242        0.242    
#         L   11    0.395        0.526        0.526    
#         L   12    0.728        -0.961       -0.961   
#         L   13    -0.628       -0.848       -0.848   
#      Closed  :   1 | 1 range = [17, 30]   cut = 27   moveable = [ 18 19 20 21 22 23 24 25 26 27 28 29 30 ]   cutpoint_weight = 1   chainbreak_score = 0.304246   total_rama_moveable = -5.31093   inactive_moveable = [ ]
#      Designed:   1 | 1 range = [17, 30]   cut = 27   moveable = [ 18 19 20 21 22 23 24 25 26 27 28 29 30 ]   cutpoint_weight = 1   chainbreak_score = 0.410173   total_rama_moveable = -9.72298   inactive_moveable = [ ]
#      Refined :   1 | 1 range = [17, 30]   cut = 27   moveable = [ 18 19 20 21 22 23 24 25 26 27 28 29 30 ]   cutpoint_weight = 1   chainbreak_score = 0.410173   total_rama_moveable = -9.72298   inactive_moveable = [ ]
#
#         Rama per residue:
#         ss res    Closed       Designed     Refined  
#         L   18    0.352        0.352        0.352    
#         L   19    -0.289       -1.051       -1.051   
#         L   20    0.363        0.363        0.363    
#         L   21    0.302        -0.475       -0.475   
#         L   22    0.748        -0.497       -0.497   
#         L   23    -1.296       -1.296       -1.296   
#         L   24    -1.536       -1.257       -1.257   
#         L   25    -1.281       -0.432       -0.432   
#         L   26    -1.607       -1.323       -1.323   
#         L   27    0.402        -0.651       -0.651   
#         L   28    -0.474       -1.288       -1.288   
#         L   29    -0.367       -1.399       -1.399   
#         L   30    -0.628       -0.769       -0.769   
#
#   epitope native range = [41, 53]   new range = [54, 66]
#      Closed  :   1 | 0 range = [48, 55]   cut = 51   moveable = [ 48 49 50 51 52 53 54 ]   cutpoint_weight = 1   chainbreak_score = 95.1348   total_rama_moveable = -0.666983   inactive_moveable = [ ]
#      Designed:   1 | 0 range = [48, 55]   cut = 51   moveable = [ 48 49 50 51 52 53 54 ]   cutpoint_weight = 1   chainbreak_score = 95.105   total_rama_moveable = 17.4176   inactive_moveable = [ ]
#      Refined :   1 | 0 range = [48, 55]   cut = 51   moveable = [ 48 49 50 51 52 53 54 ]   cutpoint_weight = 1   chainbreak_score = 95.105   total_rama_moveable = 17.4176   inactive_moveable = [ ]
#
#         Rama per residue:
#         ss res    Closed       Designed     Refined  
#         H   48    -0.588       -0.951       -0.951   
#         H   49    -0.780       -0.895       -0.895   
#         H   50    0.549        0.549        0.549    
#         H   51    -0.772       -0.772       -0.772   
#         H   52    0.097        20.000       20.000   
#         H   53    0.097        -0.360       -0.360   
#         H   54    0.730        -0.154       -0.154   
#      Closed  :   1 | 1 range = [65, 70]   cut = 68   moveable = [ 66 67 68 69 70 ]   cutpoint_weight = 1   chainbreak_score = 0.511126   total_rama_moveable = 0.744679   inactive_moveable = [ ]
#      Designed:   1 | 1 range = [65, 70]   cut = 68   moveable = [ 66 67 68 69 70 ]   cutpoint_weight = 1   chainbreak_score = 0.614017   total_rama_moveable = -1.77306   inactive_moveable = [ ]
#      Refined :   1 | 1 range = [65, 70]   cut = 68   moveable = [ 66 67 68 69 70 ]   cutpoint_weight = 1   chainbreak_score = 0.614017   total_rama_moveable = -1.77306   inactive_moveable = [ ]
#
#         Rama per residue:
#         ss res    Closed       Designed     Refined  
#         H   66    -0.416       0.528        0.528    
#         H   67    0.322        -1.270       -1.270   
#         H   68    0.518        0.518        0.518    
#         H   69    -0.390       -0.897       -0.897   
#         H   70    0.710        -0.652       -0.652   
#
# * Design Positions
#
# Epitope positions:
#    18  ->  14  VAL
#    19  ->  15  ASP
#    20  ->  16  GLY
#    21  ->  17  TRP
#    41  ->  54  THR
#    42  ->  55  GLN
#    43  ->  56  ASN
#    44  ->  57  ALA
#    45  ->  58  ILE
#    46  ->  59  ASP
#    47  ->  60  GLU
#    48  ->  61  ILE
#    49  ->  62  THR
#    50  ->  63  ASN
#    51  ->  64  LYS
#    52  ->  65  VAL
#    53  ->  66  ASN
#
# Intra design positions
#    8  ALA  ->  ALA
#    9  SER  ->  VAL
#    10  ARG  ->  ARG
#    11  ALA  ->  ASP
#    12  ALA  ->  ASP
#    13  ALA  ->  SER
#    18  ALA  ->  ALA
#    19  ALA  ->  GLU
#    20  ALA  ->  GLY
#    21  ALA  ->  THR
#    22  ALA  ->  TRP
#    23  ALA  ->  GLY
#    24  ALA  ->  SER
#    25  ALA  ->  ASN
#    26  ALA  ->  SER
#    27  ALA  ->  ASP
#    28  SER  ->  SER
#    29  SER  ->  SER
#    30  ASP  ->  HIS
#    33  ALA  ->  ALA
#    34  GLU  ->  TRP
#    36  ARG  ->  ARG
#    37  MET  ->  GLY
#    38  ASP  ->  LYS
#    39  HIS  ->  PHE
#    40  LEU  ->  GLY
#    41  ASP  ->  SER
#    42  TYR  ->  SER
#    46  GLY  ->  GLY
#    47  GLN  ->  ARG
#    48  SER  ->  GLU
#    49  ARG  ->  ARG
#    50  GLY  ->  GLY
#    52  ALA  ->  PRO
#    67  ALA  ->  GLU
#    68  ALA  ->  GLY
#    69  ASP  ->  ALA
#    70  GLU  ->  ASP
#    71  ALA  ->  HIS
#    75  THR  ->  GLY
#    76  ALA  ->  GLY
#    79  ALA  ->  GLY
#    80  VAL  ->  ALA
#    84  ALA  ->  GLY
#    131  HIS  ->  HIS
#    134  ALA  ->  MET
#    138  GLU  ->  GLU
#    143  LYS  ->  ILE
#    145  PHE  ->  PHE
#    148  ASN  ->  SER
#    150  GLY  ->  GLY
#    151  GLU  ->  GLU
#
# Inter design positions:
#    51  SER  ->  ALA
#    53  ALA  ->  SER
#    83  ASP  ->  ALA
#
#                              es_only       total       ddG
# * Designed ES          :     103.386     909.452     -14.215
# * Refined ES (with Ab) :     103.386     909.452     -14.215
#
# * Stability Scores
#
# Score12_WT_scaffold = -309.038
#
